---------------------------------------------------------------
[ 2019-06-18T23:28:23+08:00 ] 127.0.0.1 127.0.0.1 GET /
[ info ] www.gohosts.com/ [è¿è¡Œæ—¶é—´ï¼š1.211133s][åžåçŽ‡ï¼š0.83req/s] [å†…å­˜æ¶ˆè€—ï¼š2,509.64kb] [æ–‡ä»¶åŠ è½½ï¼š56]
[ info ] [ LANG ] E:\studysoft\phpstudy\PHPTutorial\WWW\tp5\thinkphp\lang\zh-cn.php
[ info ] [ BIND ] 'index'
[ info ] [ ROUTE ] array (
  'type' => 'module',
  'module' => 
  array (
    0 => 'index',
    1 => NULL,
    2 => NULL,
  ),
)
[ info ] [ HEADER ] array (
  'host' => 'www.gohosts.com',
  'connection' => 'keep-alive',
  'cache-control' => 'max-age=0',
  'upgrade-insecure-requests' => '1',
  'user-agent' => 'Mozilla/5.0 (Windows NT 10.0; Win64; x64) AppleWebKit/537.36 (KHTML, like Gecko) Chrome/74.0.3729.169 Safari/537.36',
  'accept' => 'text/html,application/xhtml+xml,application/xml;q=0.9,image/webp,image/apng,*/*;q=0.8,application/signed-exchange;v=b3',
  'accept-encoding' => 'gzip, deflate',
  'accept-language' => 'zh-CN,zh;q=0.9',
)
[ info ] [ PARAM ] array (
)
[ info ] [ DB ] INIT mysql
[ info ] [ LOG ] INIT File
[ error ] [2002]SQLSTATE[HY000] [2002] ÓÉÓÚÄ¿±ê¼ÆËã»ú»ý¼«¾Ü¾ø£¬ÎÞ·¨Á¬½Ó¡£
[E:\studysoft\phpstudy\PHPTutorial\WWW\tp5\thinkphp\library\think\db\Connection.php:293]
---------------------------------------------------------------
[ 2019-06-18T23:31:42+08:00 ] 127.0.0.1 127.0.0.1 GET /
[ info ] www.gohosts.com/ [è¿è¡Œæ—¶é—´ï¼š0.233640s][åžåçŽ‡ï¼š4.28req/s] [å†…å­˜æ¶ˆè€—ï¼š2,903.61kb] [æ–‡ä»¶åŠ è½½ï¼š60]
[ info ] [ LANG ] E:\studysoft\phpstudy\PHPTutorial\WWW\tp5\thinkphp\lang\zh-cn.php
[ info ] [ BIND ] 'index'
[ info ] [ ROUTE ] array (
  'type' => 'module',
  'module' => 
  array (
    0 => 'index',
    1 => NULL,
    2 => NULL,
  ),
)
[ info ] [ HEADER ] array (
  'host' => 'www.gohosts.com',
  'connection' => 'keep-alive',
  'cache-control' => 'max-age=0',
  'upgrade-insecure-requests' => '1',
  'user-agent' => 'Mozilla/5.0 (Windows NT 10.0; Win64; x64) AppleWebKit/537.36 (KHTML, like Gecko) Chrome/74.0.3729.169 Safari/537.36',
  'accept' => 'text/html,application/xhtml+xml,application/xml;q=0.9,image/webp,image/apng,*/*;q=0.8,application/signed-exchange;v=b3',
  'accept-encoding' => 'gzip, deflate',
  'accept-language' => 'zh-CN,zh;q=0.9',
)
[ info ] [ PARAM ] array (
)
[ info ] [ DB ] INIT mysql
[ info ] [ SESSION ] INIT array (
  'id' => '',
  'var_session_id' => '',
  'prefix' => 'think',
  'type' => '',
  'auto_start' => true,
)
[ info ] [ RUN ] app\index\controller\Index->index[ E:\studysoft\phpstudy\PHPTutorial\WWW\tp5\application\index\controller\Index.php ]
[ info ] [ VIEW ] ./template/default/index_index.html [ array (
  0 => 'tptca',
  1 => 'tptcm',
  2 => 'tptcc',
  3 => 'tptm',
  4 => 'tptl',
  5 => 'tpte',
  6 => 'tptf',
  7 => 'tptb',
  8 => 'tagss',
  9 => 'tptop',
  10 => 'tptops',
  11 => 'tptuser',
  12 => 'tptc',
  13 => 'tptcs',
) ]
[ info ] [ LOG ] INIT File
---------------------------------------------------------------
[ 2019-06-18T23:31:42+08:00 ] 127.0.0.1 127.0.0.1 GET /uploads/20180224/e05b5a98dca16a9a84f576752dfb8bad.jpg
[ info ] www.gohosts.com/uploads/20180224/e05b5a98dca16a9a84f576752dfb8bad.jpg [è¿è¡Œæ—¶é—´ï¼š0.074758s][åžåçŽ‡ï¼š13.38req/s] [å†…å­˜æ¶ˆè€—ï¼š1,499.97kb] [æ–‡ä»¶åŠ è½½ï¼š44]
[ info ] [ LANG ] E:\studysoft\phpstudy\PHPTutorial\WWW\tp5\thinkphp\lang\zh-cn.php
[ info ] [ BIND ] 'index'
[ info ] [ ROUTE ] array (
  'type' => 'module',
  'module' => 
  array (
    0 => 'index',
    1 => 'uploads',
    2 => '20180224',
  ),
)
[ info ] [ HEADER ] array (
  'host' => 'www.gohosts.com',
  'connection' => 'keep-alive',
  'user-agent' => 'Mozilla/5.0 (Windows NT 10.0; Win64; x64) AppleWebKit/537.36 (KHTML, like Gecko) Chrome/74.0.3729.169 Safari/537.36',
  'accept' => 'image/webp,image/apng,image/*,*/*;q=0.8',
  'referer' => 'http://www.gohosts.com/',
  'accept-encoding' => 'gzip, deflate',
  'accept-language' => 'zh-CN,zh;q=0.9',
  'cookie' => 'PHPSESSID=er2mfeum89ip45suo8p4r21vn4',
)
[ info ] [ PARAM ] array (
  '/uploads/20180224/e05b5a98dca16a9a84f576752dfb8bad_jpg' => '',
)
[ info ] [ LOG ] INIT File
---------------------------------------------------------------
[ 2019-06-18T23:31:49+08:00 ] 127.0.0.1 127.0.0.1 GET /thread/27.html
[ info ] www.gohosts.com/thread/27.html [è¿è¡Œæ—¶é—´ï¼š0.237974s][åžåçŽ‡ï¼š4.20req/s] [å†…å­˜æ¶ˆè€—ï¼š2,859.60kb] [æ–‡ä»¶åŠ è½½ï¼š60]
[ info ] [ LANG ] E:\studysoft\phpstudy\PHPTutorial\WWW\tp5\thinkphp\lang\zh-cn.php
[ info ] [ BIND ] 'index'
[ info ] [ ROUTE ] array (
  'type' => 'module',
  'module' => 
  array (
    0 => 'index',
    1 => 'index',
    2 => 'thread',
  ),
  'convert' => false,
)
[ info ] [ HEADER ] array (
  'host' => 'www.gohosts.com',
  'connection' => 'keep-alive',
  'upgrade-insecure-requests' => '1',
  'user-agent' => 'Mozilla/5.0 (Windows NT 10.0; Win64; x64) AppleWebKit/537.36 (KHTML, like Gecko) Chrome/74.0.3729.169 Safari/537.36',
  'accept' => 'text/html,application/xhtml+xml,application/xml;q=0.9,image/webp,image/apng,*/*;q=0.8,application/signed-exchange;v=b3',
  'referer' => 'http://www.gohosts.com/',
  'accept-encoding' => 'gzip, deflate',
  'accept-language' => 'zh-CN,zh;q=0.9',
  'cookie' => 'PHPSESSID=er2mfeum89ip45suo8p4r21vn4',
)
[ info ] [ PARAM ] array (
  '/thread/27_html' => '',
  'id' => '27',
)
[ info ] [ DB ] INIT mysql
[ info ] [ SESSION ] INIT array (
  'id' => '',
  'var_session_id' => '',
  'prefix' => 'think',
  'type' => '',
  'auto_start' => true,
)
[ info ] [ RUN ] app\index\controller\Index->thread[ E:\studysoft\phpstudy\PHPTutorial\WWW\tp5\application\index\controller\Index.php ]
[ info ] [ VIEW ] ./template/default/index_thread.html [ array (
  0 => 'tptca',
  1 => 'tptcm',
  2 => 'tptcc',
  3 => 'tptm',
  4 => 'tptl',
  5 => 'tpte',
  6 => 'tptf',
  7 => 'tptb',
  8 => 'tagss',
  9 => 'tptop',
  10 => 'tptops',
  11 => 'tptuser',
  12 => 'tptc',
  13 => 'tptt',
) ]
[ info ] [ LOG ] INIT File
---------------------------------------------------------------
[ 2019-06-18T23:31:49+08:00 ] 127.0.0.1 127.0.0.1 GET /uploads/20180224/e05b5a98dca16a9a84f576752dfb8bad.jpg
[ info ] www.gohosts.com/uploads/20180224/e05b5a98dca16a9a84f576752dfb8bad.jpg [è¿è¡Œæ—¶é—´ï¼š0.077390s][åžåçŽ‡ï¼š12.92req/s] [å†…å­˜æ¶ˆè€—ï¼š1,500.06kb] [æ–‡ä»¶åŠ è½½ï¼š44]
[ info ] [ LANG ] E:\studysoft\phpstudy\PHPTutorial\WWW\tp5\thinkphp\lang\zh-cn.php
[ info ] [ BIND ] 'index'
[ info ] [ ROUTE ] array (
  'type' => 'module',
  'module' => 
  array (
    0 => 'index',
    1 => 'uploads',
    2 => '20180224',
  ),
)
[ info ] [ HEADER ] array (
  'host' => 'www.gohosts.com',
  'connection' => 'keep-alive',
  'user-agent' => 'Mozilla/5.0 (Windows NT 10.0; Win64; x64) AppleWebKit/537.36 (KHTML, like Gecko) Chrome/74.0.3729.169 Safari/537.36',
  'accept' => 'image/webp,image/apng,image/*,*/*;q=0.8',
  'referer' => 'http://www.gohosts.com/thread/27.html',
  'accept-encoding' => 'gzip, deflate',
  'accept-language' => 'zh-CN,zh;q=0.9',
  'cookie' => 'PHPSESSID=er2mfeum89ip45suo8p4r21vn4',
)
[ info ] [ PARAM ] array (
  '/uploads/20180224/e05b5a98dca16a9a84f576752dfb8bad_jpg' => '',
)
[ info ] [ LOG ] INIT File
---------------------------------------------------------------
[ 2019-06-18T23:31:54+08:00 ] 127.0.0.1 127.0.0.1 GET /
[ info ] www.gohosts.com/ [è¿è¡Œæ—¶é—´ï¼š0.151142s][åžåçŽ‡ï¼š6.62req/s] [å†…å­˜æ¶ˆè€—ï¼š2,903.55kb] [æ–‡ä»¶åŠ è½½ï¼š60]
[ info ] [ LANG ] E:\studysoft\phpstudy\PHPTutorial\WWW\tp5\thinkphp\lang\zh-cn.php
[ info ] [ BIND ] 'index'
[ info ] [ ROUTE ] array (
  'type' => 'module',
  'module' => 
  array (
    0 => 'index',
    1 => NULL,
    2 => NULL,
  ),
)
[ info ] [ HEADER ] array (
  'host' => 'www.gohosts.com',
  'connection' => 'keep-alive',
  'upgrade-insecure-requests' => '1',
  'user-agent' => 'Mozilla/5.0 (Windows NT 10.0; Win64; x64) AppleWebKit/537.36 (KHTML, like Gecko) Chrome/74.0.3729.169 Safari/537.36',
  'accept' => 'text/html,application/xhtml+xml,application/xml;q=0.9,image/webp,image/apng,*/*;q=0.8,application/signed-exchange;v=b3',
  'accept-encoding' => 'gzip, deflate',
  'accept-language' => 'zh-CN,zh;q=0.9',
  'cookie' => 'PHPSESSID=er2mfeum89ip45suo8p4r21vn4',
)
[ info ] [ PARAM ] array (
)
[ info ] [ DB ] INIT mysql
[ info ] [ SESSION ] INIT array (
  'id' => '',
  'var_session_id' => '',
  'prefix' => 'think',
  'type' => '',
  'auto_start' => true,
)
[ info ] [ RUN ] app\index\controller\Index->index[ E:\studysoft\phpstudy\PHPTutorial\WWW\tp5\application\index\controller\Index.php ]
[ info ] [ VIEW ] ./template/default/index_index.html [ array (
  0 => 'tptca',
  1 => 'tptcm',
  2 => 'tptcc',
  3 => 'tptm',
  4 => 'tptl',
  5 => 'tpte',
  6 => 'tptf',
  7 => 'tptb',
  8 => 'tagss',
  9 => 'tptop',
  10 => 'tptops',
  11 => 'tptuser',
  12 => 'tptc',
  13 => 'tptcs',
) ]
[ info ] [ LOG ] INIT File
---------------------------------------------------------------
[ 2019-06-18T23:31:54+08:00 ] 127.0.0.1 127.0.0.1 GET /uploads/20180224/e05b5a98dca16a9a84f576752dfb8bad.jpg
[ info ] www.gohosts.com/uploads/20180224/e05b5a98dca16a9a84f576752dfb8bad.jpg [è¿è¡Œæ—¶é—´ï¼š0.064479s][åžåçŽ‡ï¼š15.51req/s] [å†…å­˜æ¶ˆè€—ï¼š1,499.97kb] [æ–‡ä»¶åŠ è½½ï¼š44]
[ info ] [ LANG ] E:\studysoft\phpstudy\PHPTutorial\WWW\tp5\thinkphp\lang\zh-cn.php
[ info ] [ BIND ] 'index'
[ info ] [ ROUTE ] array (
  'type' => 'module',
  'module' => 
  array (
    0 => 'index',
    1 => 'uploads',
    2 => '20180224',
  ),
)
[ info ] [ HEADER ] array (
  'host' => 'www.gohosts.com',
  'connection' => 'keep-alive',
  'user-agent' => 'Mozilla/5.0 (Windows NT 10.0; Win64; x64) AppleWebKit/537.36 (KHTML, like Gecko) Chrome/74.0.3729.169 Safari/537.36',
  'accept' => 'image/webp,image/apng,image/*,*/*;q=0.8',
  'referer' => 'http://www.gohosts.com/',
  'accept-encoding' => 'gzip, deflate',
  'accept-language' => 'zh-CN,zh;q=0.9',
  'cookie' => 'PHPSESSID=er2mfeum89ip45suo8p4r21vn4',
)
[ info ] [ PARAM ] array (
  '/uploads/20180224/e05b5a98dca16a9a84f576752dfb8bad_jpg' => '',
)
[ info ] [ LOG ] INIT File
