---------------------------------------------------------------
[ 2019-06-19T16:51:39+08:00 ] 127.0.0.1 127.0.0.1 GET /
[ info ] www.gohosts.com/ [运行时间：1.245951s][吞吐率：0.80req/s] [内存消耗：2,903.45kb] [文件加载：60]
[ info ] [ LANG ] E:\studysoft\phpstudy\PHPTutorial\WWW\tp5\thinkphp\lang\zh-cn.php
[ info ] [ BIND ] 'index'
[ info ] [ ROUTE ] array (
  'type' => 'module',
  'module' => 
  array (
    0 => 'index',
    1 => NULL,
    2 => NULL,
  ),
)
[ info ] [ HEADER ] array (
  'host' => 'www.gohosts.com',
  'connection' => 'keep-alive',
  'upgrade-insecure-requests' => '1',
  'user-agent' => 'Mozilla/5.0 (Windows NT 10.0; Win64; x64) AppleWebKit/537.36 (KHTML, like Gecko) Chrome/74.0.3729.169 Safari/537.36',
  'accept' => 'text/html,application/xhtml+xml,application/xml;q=0.9,image/webp,image/apng,*/*;q=0.8,application/signed-exchange;v=b3',
  'accept-encoding' => 'gzip, deflate',
  'accept-language' => 'zh-CN,zh;q=0.9',
)
[ info ] [ PARAM ] array (
)
[ info ] [ DB ] INIT mysql
[ info ] [ SESSION ] INIT array (
  'id' => '',
  'var_session_id' => '',
  'prefix' => 'think',
  'type' => '',
  'auto_start' => true,
)
[ info ] [ RUN ] app\index\controller\Index->index[ E:\studysoft\phpstudy\PHPTutorial\WWW\tp5\application\index\controller\Index.php ]
[ info ] [ VIEW ] ./template/default/index_index.html [ array (
  0 => 'tptca',
  1 => 'tptcm',
  2 => 'tptcc',
  3 => 'tptm',
  4 => 'tptl',
  5 => 'tpte',
  6 => 'tptf',
  7 => 'tptb',
  8 => 'tagss',
  9 => 'tptop',
  10 => 'tptops',
  11 => 'tptuser',
  12 => 'tptc',
  13 => 'tptcs',
) ]
[ info ] [ LOG ] INIT File
---------------------------------------------------------------
[ 2019-06-19T16:51:39+08:00 ] 127.0.0.1 127.0.0.1 GET /uploads/20180224/e05b5a98dca16a9a84f576752dfb8bad.jpg
[ info ] www.gohosts.com/uploads/20180224/e05b5a98dca16a9a84f576752dfb8bad.jpg [运行时间：0.102129s][吞吐率：9.79req/s] [内存消耗：1,499.97kb] [文件加载：44]
[ info ] [ LANG ] E:\studysoft\phpstudy\PHPTutorial\WWW\tp5\thinkphp\lang\zh-cn.php
[ info ] [ BIND ] 'index'
[ info ] [ ROUTE ] array (
  'type' => 'module',
  'module' => 
  array (
    0 => 'index',
    1 => 'uploads',
    2 => '20180224',
  ),
)
[ info ] [ HEADER ] array (
  'host' => 'www.gohosts.com',
  'connection' => 'keep-alive',
  'user-agent' => 'Mozilla/5.0 (Windows NT 10.0; Win64; x64) AppleWebKit/537.36 (KHTML, like Gecko) Chrome/74.0.3729.169 Safari/537.36',
  'accept' => 'image/webp,image/apng,image/*,*/*;q=0.8',
  'referer' => 'http://www.gohosts.com/',
  'accept-encoding' => 'gzip, deflate',
  'accept-language' => 'zh-CN,zh;q=0.9',
  'cookie' => 'PHPSESSID=mph3qmv4r22g8v40j9elgmbp60',
)
[ info ] [ PARAM ] array (
  '/uploads/20180224/e05b5a98dca16a9a84f576752dfb8bad_jpg' => '',
)
[ info ] [ LOG ] INIT File
---------------------------------------------------------------
[ 2019-06-19T16:52:04+08:00 ] 127.0.0.1 127.0.0.1 GET /?page=2
[ info ] www.gohosts.com/?page=2 [运行时间：0.168825s][吞吐率：5.92req/s] [内存消耗：2,923.18kb] [文件加载：60]
[ info ] [ LANG ] E:\studysoft\phpstudy\PHPTutorial\WWW\tp5\thinkphp\lang\zh-cn.php
[ info ] [ BIND ] 'index'
[ info ] [ ROUTE ] array (
  'type' => 'module',
  'module' => 
  array (
    0 => 'index',
    1 => NULL,
    2 => NULL,
  ),
)
[ info ] [ HEADER ] array (
  'host' => 'www.gohosts.com',
  'connection' => 'keep-alive',
  'upgrade-insecure-requests' => '1',
  'user-agent' => 'Mozilla/5.0 (Windows NT 10.0; Win64; x64) AppleWebKit/537.36 (KHTML, like Gecko) Chrome/74.0.3729.169 Safari/537.36',
  'accept' => 'text/html,application/xhtml+xml,application/xml;q=0.9,image/webp,image/apng,*/*;q=0.8,application/signed-exchange;v=b3',
  'referer' => 'http://www.gohosts.com/',
  'accept-encoding' => 'gzip, deflate',
  'accept-language' => 'zh-CN,zh;q=0.9',
  'cookie' => 'PHPSESSID=mph3qmv4r22g8v40j9elgmbp60',
)
[ info ] [ PARAM ] array (
  'page' => '2',
)
[ info ] [ DB ] INIT mysql
[ info ] [ SESSION ] INIT array (
  'id' => '',
  'var_session_id' => '',
  'prefix' => 'think',
  'type' => '',
  'auto_start' => true,
)
[ info ] [ RUN ] app\index\controller\Index->index[ E:\studysoft\phpstudy\PHPTutorial\WWW\tp5\application\index\controller\Index.php ]
[ info ] [ VIEW ] ./template/default/index_index.html [ array (
  0 => 'tptca',
  1 => 'tptcm',
  2 => 'tptcc',
  3 => 'tptm',
  4 => 'tptl',
  5 => 'tpte',
  6 => 'tptf',
  7 => 'tptb',
  8 => 'tagss',
  9 => 'tptop',
  10 => 'tptops',
  11 => 'tptuser',
  12 => 'tptc',
  13 => 'tptcs',
) ]
[ info ] [ LOG ] INIT File
---------------------------------------------------------------
[ 2019-06-19T16:52:04+08:00 ] 127.0.0.1 127.0.0.1 GET /uploads/20180224/e05b5a98dca16a9a84f576752dfb8bad.jpg
[ info ] www.gohosts.com/uploads/20180224/e05b5a98dca16a9a84f576752dfb8bad.jpg [运行时间：0.058705s][吞吐率：17.03req/s] [内存消耗：1,500.10kb] [文件加载：44]
[ info ] [ LANG ] E:\studysoft\phpstudy\PHPTutorial\WWW\tp5\thinkphp\lang\zh-cn.php
[ info ] [ BIND ] 'index'
[ info ] [ ROUTE ] array (
  'type' => 'module',
  'module' => 
  array (
    0 => 'index',
    1 => 'uploads',
    2 => '20180224',
  ),
)
[ info ] [ HEADER ] array (
  'host' => 'www.gohosts.com',
  'connection' => 'keep-alive',
  'user-agent' => 'Mozilla/5.0 (Windows NT 10.0; Win64; x64) AppleWebKit/537.36 (KHTML, like Gecko) Chrome/74.0.3729.169 Safari/537.36',
  'accept' => 'image/webp,image/apng,image/*,*/*;q=0.8',
  'referer' => 'http://www.gohosts.com/?page=2',
  'accept-encoding' => 'gzip, deflate',
  'accept-language' => 'zh-CN,zh;q=0.9',
  'cookie' => 'PHPSESSID=mph3qmv4r22g8v40j9elgmbp60',
)
[ info ] [ PARAM ] array (
  '/uploads/20180224/e05b5a98dca16a9a84f576752dfb8bad_jpg' => '',
)
[ info ] [ LOG ] INIT File
---------------------------------------------------------------
[ 2019-06-19T16:52:04+08:00 ] 127.0.0.1 127.0.0.1 GET /'+data[i].pPic+'
[ info ] www.gohosts.com/'+data[i].pPic+' [运行时间：0.069036s][吞吐率：14.49req/s] [内存消耗：1,499.72kb] [文件加载：44]
[ info ] [ LANG ] E:\studysoft\phpstudy\PHPTutorial\WWW\tp5\thinkphp\lang\zh-cn.php
[ info ] [ BIND ] 'index'
[ info ] [ ROUTE ] array (
  'type' => 'module',
  'module' => 
  array (
    0 => 'index',
    1 => '\'+data[i].pPic+\'',
    2 => NULL,
  ),
)
[ info ] [ HEADER ] array (
  'host' => 'www.gohosts.com',
  'connection' => 'keep-alive',
  'user-agent' => 'Mozilla/5.0 (Windows NT 10.0; Win64; x64) AppleWebKit/537.36 (KHTML, like Gecko) Chrome/74.0.3729.169 Safari/537.36',
  'accept' => 'image/webp,image/apng,image/*,*/*;q=0.8',
  'referer' => 'http://www.gohosts.com/?page=2',
  'accept-encoding' => 'gzip, deflate',
  'accept-language' => 'zh-CN,zh;q=0.9',
  'cookie' => 'PHPSESSID=mph3qmv4r22g8v40j9elgmbp60',
)
[ info ] [ PARAM ] array (
  '/\'_data' => 
  array (
    'i' => '',
  ),
)
[ info ] [ LOG ] INIT File
---------------------------------------------------------------
[ 2019-06-19T16:52:08+08:00 ] 127.0.0.1 127.0.0.1 GET /user/login.html
[ info ] www.gohosts.com/user/login.html [运行时间：0.160320s][吞吐率：6.24req/s] [内存消耗：2,611.83kb] [文件加载：57]
[ info ] [ LANG ] E:\studysoft\phpstudy\PHPTutorial\WWW\tp5\thinkphp\lang\zh-cn.php
[ info ] [ BIND ] 'index'
[ info ] [ ROUTE ] array (
  'type' => 'module',
  'module' => 
  array (
    0 => 'index',
    1 => 'login',
    2 => 'index',
  ),
  'convert' => false,
)
[ info ] [ HEADER ] array (
  'host' => 'www.gohosts.com',
  'connection' => 'keep-alive',
  'upgrade-insecure-requests' => '1',
  'user-agent' => 'Mozilla/5.0 (Windows NT 10.0; Win64; x64) AppleWebKit/537.36 (KHTML, like Gecko) Chrome/74.0.3729.169 Safari/537.36',
  'accept' => 'text/html,application/xhtml+xml,application/xml;q=0.9,image/webp,image/apng,*/*;q=0.8,application/signed-exchange;v=b3',
  'referer' => 'http://www.gohosts.com/?page=2',
  'accept-encoding' => 'gzip, deflate',
  'accept-language' => 'zh-CN,zh;q=0.9',
  'cookie' => 'PHPSESSID=mph3qmv4r22g8v40j9elgmbp60',
)
[ info ] [ PARAM ] array (
  '/user/login_html' => '',
)
[ info ] [ DB ] INIT mysql
[ info ] [ SESSION ] INIT array (
  'id' => '',
  'var_session_id' => '',
  'prefix' => 'think',
  'type' => '',
  'auto_start' => true,
)
[ info ] [ RUN ] app\index\controller\Login->index[ E:\studysoft\phpstudy\PHPTutorial\WWW\tp5\application\index\controller\Login.php ]
[ info ] [ VIEW ] ./template/default/login_index.html [ array (
  0 => 'tptop',
  1 => 'tptops',
  2 => 'tptuser',
) ]
[ info ] [ LOG ] INIT File
---------------------------------------------------------------
[ 2019-06-19T16:52:10+08:00 ] 127.0.0.1 127.0.0.1 GET /?page=2
[ info ] www.gohosts.com/?page=2 [运行时间：0.172538s][吞吐率：5.80req/s] [内存消耗：2,923.18kb] [文件加载：60]
[ info ] [ LANG ] E:\studysoft\phpstudy\PHPTutorial\WWW\tp5\thinkphp\lang\zh-cn.php
[ info ] [ BIND ] 'index'
[ info ] [ ROUTE ] array (
  'type' => 'module',
  'module' => 
  array (
    0 => 'index',
    1 => NULL,
    2 => NULL,
  ),
)
[ info ] [ HEADER ] array (
  'host' => 'www.gohosts.com',
  'connection' => 'keep-alive',
  'upgrade-insecure-requests' => '1',
  'user-agent' => 'Mozilla/5.0 (Windows NT 10.0; Win64; x64) AppleWebKit/537.36 (KHTML, like Gecko) Chrome/74.0.3729.169 Safari/537.36',
  'accept' => 'text/html,application/xhtml+xml,application/xml;q=0.9,image/webp,image/apng,*/*;q=0.8,application/signed-exchange;v=b3',
  'referer' => 'http://www.gohosts.com/',
  'accept-encoding' => 'gzip, deflate',
  'accept-language' => 'zh-CN,zh;q=0.9',
  'cookie' => 'PHPSESSID=mph3qmv4r22g8v40j9elgmbp60',
)
[ info ] [ PARAM ] array (
  'page' => '2',
)
[ info ] [ DB ] INIT mysql
[ info ] [ SESSION ] INIT array (
  'id' => '',
  'var_session_id' => '',
  'prefix' => 'think',
  'type' => '',
  'auto_start' => true,
)
[ info ] [ RUN ] app\index\controller\Index->index[ E:\studysoft\phpstudy\PHPTutorial\WWW\tp5\application\index\controller\Index.php ]
[ info ] [ VIEW ] ./template/default/index_index.html [ array (
  0 => 'tptca',
  1 => 'tptcm',
  2 => 'tptcc',
  3 => 'tptm',
  4 => 'tptl',
  5 => 'tpte',
  6 => 'tptf',
  7 => 'tptb',
  8 => 'tagss',
  9 => 'tptop',
  10 => 'tptops',
  11 => 'tptuser',
  12 => 'tptc',
  13 => 'tptcs',
) ]
[ info ] [ LOG ] INIT File
---------------------------------------------------------------
[ 2019-06-19T16:52:19+08:00 ] 127.0.0.1 127.0.0.1 GET /?page=2
[ info ] www.gohosts.com/?page=2 [运行时间：0.171398s][吞吐率：5.83req/s] [内存消耗：2,923.41kb] [文件加载：60]
[ info ] [ LANG ] E:\studysoft\phpstudy\PHPTutorial\WWW\tp5\thinkphp\lang\zh-cn.php
[ info ] [ BIND ] 'index'
[ info ] [ ROUTE ] array (
  'type' => 'module',
  'module' => 
  array (
    0 => 'index',
    1 => NULL,
    2 => NULL,
  ),
)
[ info ] [ HEADER ] array (
  'host' => 'www.gohosts.com',
  'connection' => 'keep-alive',
  'cache-control' => 'max-age=0',
  'upgrade-insecure-requests' => '1',
  'user-agent' => 'Mozilla/5.0 (Windows NT 10.0; Win64; x64) AppleWebKit/537.36 (KHTML, like Gecko) Chrome/74.0.3729.169 Safari/537.36',
  'accept' => 'text/html,application/xhtml+xml,application/xml;q=0.9,image/webp,image/apng,*/*;q=0.8,application/signed-exchange;v=b3',
  'referer' => 'http://www.gohosts.com/?page=2',
  'accept-encoding' => 'gzip, deflate',
  'accept-language' => 'zh-CN,zh;q=0.9',
  'cookie' => 'PHPSESSID=mph3qmv4r22g8v40j9elgmbp60',
)
[ info ] [ PARAM ] array (
  'page' => '2',
)
[ info ] [ DB ] INIT mysql
[ info ] [ SESSION ] INIT array (
  'id' => '',
  'var_session_id' => '',
  'prefix' => 'think',
  'type' => '',
  'auto_start' => true,
)
[ info ] [ RUN ] app\index\controller\Index->index[ E:\studysoft\phpstudy\PHPTutorial\WWW\tp5\application\index\controller\Index.php ]
[ info ] [ VIEW ] ./template/default/index_index.html [ array (
  0 => 'tptca',
  1 => 'tptcm',
  2 => 'tptcc',
  3 => 'tptm',
  4 => 'tptl',
  5 => 'tpte',
  6 => 'tptf',
  7 => 'tptb',
  8 => 'tagss',
  9 => 'tptop',
  10 => 'tptops',
  11 => 'tptuser',
  12 => 'tptc',
  13 => 'tptcs',
) ]
[ info ] [ LOG ] INIT File
---------------------------------------------------------------
[ 2019-06-19T16:52:19+08:00 ] 127.0.0.1 127.0.0.1 GET /'+data[i].pPic+'
[ info ] www.gohosts.com/'+data[i].pPic+' [运行时间：0.060621s][吞吐率：16.50req/s] [内存消耗：1,499.70kb] [文件加载：44]
[ info ] [ LANG ] E:\studysoft\phpstudy\PHPTutorial\WWW\tp5\thinkphp\lang\zh-cn.php
[ info ] [ BIND ] 'index'
[ info ] [ ROUTE ] array (
  'type' => 'module',
  'module' => 
  array (
    0 => 'index',
    1 => '\'+data[i].pPic+\'',
    2 => NULL,
  ),
)
[ info ] [ HEADER ] array (
  'host' => 'www.gohosts.com',
  'connection' => 'keep-alive',
  'user-agent' => 'Mozilla/5.0 (Windows NT 10.0; Win64; x64) AppleWebKit/537.36 (KHTML, like Gecko) Chrome/74.0.3729.169 Safari/537.36',
  'accept' => 'image/webp,image/apng,image/*,*/*;q=0.8',
  'referer' => 'http://www.gohosts.com/?page=2',
  'accept-encoding' => 'gzip, deflate',
  'accept-language' => 'zh-CN,zh;q=0.9',
  'cookie' => 'PHPSESSID=mph3qmv4r22g8v40j9elgmbp60',
)
[ info ] [ PARAM ] array (
  '/\'_data' => 
  array (
    'i' => '',
  ),
)
[ info ] [ LOG ] INIT File
---------------------------------------------------------------
[ 2019-06-19T16:52:19+08:00 ] 127.0.0.1 127.0.0.1 GET /uploads/20180224/e05b5a98dca16a9a84f576752dfb8bad.jpg
[ info ] www.gohosts.com/uploads/20180224/e05b5a98dca16a9a84f576752dfb8bad.jpg [运行时间：0.064420s][吞吐率：15.52req/s] [内存消耗：1,500.10kb] [文件加载：44]
[ info ] [ LANG ] E:\studysoft\phpstudy\PHPTutorial\WWW\tp5\thinkphp\lang\zh-cn.php
[ info ] [ BIND ] 'index'
[ info ] [ ROUTE ] array (
  'type' => 'module',
  'module' => 
  array (
    0 => 'index',
    1 => 'uploads',
    2 => '20180224',
  ),
)
[ info ] [ HEADER ] array (
  'host' => 'www.gohosts.com',
  'connection' => 'keep-alive',
  'user-agent' => 'Mozilla/5.0 (Windows NT 10.0; Win64; x64) AppleWebKit/537.36 (KHTML, like Gecko) Chrome/74.0.3729.169 Safari/537.36',
  'accept' => 'image/webp,image/apng,image/*,*/*;q=0.8',
  'referer' => 'http://www.gohosts.com/?page=2',
  'accept-encoding' => 'gzip, deflate',
  'accept-language' => 'zh-CN,zh;q=0.9',
  'cookie' => 'PHPSESSID=mph3qmv4r22g8v40j9elgmbp60',
)
[ info ] [ PARAM ] array (
  '/uploads/20180224/e05b5a98dca16a9a84f576752dfb8bad_jpg' => '',
)
[ info ] [ LOG ] INIT File
---------------------------------------------------------------
[ 2019-06-19T16:52:41+08:00 ] 127.0.0.1 127.0.0.1 GET /thread/16.html
[ info ] www.gohosts.com/thread/16.html [运行时间：0.473842s][吞吐率：2.11req/s] [内存消耗：2,869.30kb] [文件加载：60]
[ info ] [ LANG ] E:\studysoft\phpstudy\PHPTutorial\WWW\tp5\thinkphp\lang\zh-cn.php
[ info ] [ BIND ] 'index'
[ info ] [ ROUTE ] array (
  'type' => 'module',
  'module' => 
  array (
    0 => 'index',
    1 => 'index',
    2 => 'thread',
  ),
  'convert' => false,
)
[ info ] [ HEADER ] array (
  'host' => 'www.gohosts.com',
  'connection' => 'keep-alive',
  'upgrade-insecure-requests' => '1',
  'user-agent' => 'Mozilla/5.0 (Windows NT 10.0; Win64; x64) AppleWebKit/537.36 (KHTML, like Gecko) Chrome/74.0.3729.169 Safari/537.36',
  'accept' => 'text/html,application/xhtml+xml,application/xml;q=0.9,image/webp,image/apng,*/*;q=0.8,application/signed-exchange;v=b3',
  'referer' => 'http://www.gohosts.com/?page=2',
  'accept-encoding' => 'gzip, deflate',
  'accept-language' => 'zh-CN,zh;q=0.9',
  'cookie' => 'PHPSESSID=mph3qmv4r22g8v40j9elgmbp60',
)
[ info ] [ PARAM ] array (
  '/thread/16_html' => '',
  'id' => '16',
)
[ info ] [ DB ] INIT mysql
[ info ] [ SESSION ] INIT array (
  'id' => '',
  'var_session_id' => '',
  'prefix' => 'think',
  'type' => '',
  'auto_start' => true,
)
[ info ] [ RUN ] app\index\controller\Index->thread[ E:\studysoft\phpstudy\PHPTutorial\WWW\tp5\application\index\controller\Index.php ]
[ info ] [ VIEW ] ./template/default/index_thread.html [ array (
  0 => 'tptca',
  1 => 'tptcm',
  2 => 'tptcc',
  3 => 'tptm',
  4 => 'tptl',
  5 => 'tpte',
  6 => 'tptf',
  7 => 'tptb',
  8 => 'tagss',
  9 => 'tptop',
  10 => 'tptops',
  11 => 'tptuser',
  12 => 'tptc',
  13 => 'tptt',
) ]
[ info ] [ LOG ] INIT File
---------------------------------------------------------------
[ 2019-06-19T16:52:41+08:00 ] 127.0.0.1 127.0.0.1 GET /uploads/20180224/e05b5a98dca16a9a84f576752dfb8bad.jpg
[ info ] www.gohosts.com/uploads/20180224/e05b5a98dca16a9a84f576752dfb8bad.jpg [运行时间：0.061172s][吞吐率：16.35req/s] [内存消耗：1,500.00kb] [文件加载：44]
[ info ] [ LANG ] E:\studysoft\phpstudy\PHPTutorial\WWW\tp5\thinkphp\lang\zh-cn.php
[ info ] [ BIND ] 'index'
[ info ] [ ROUTE ] array (
  'type' => 'module',
  'module' => 
  array (
    0 => 'index',
    1 => 'uploads',
    2 => '20180224',
  ),
)
[ info ] [ HEADER ] array (
  'host' => 'www.gohosts.com',
  'connection' => 'keep-alive',
  'user-agent' => 'Mozilla/5.0 (Windows NT 10.0; Win64; x64) AppleWebKit/537.36 (KHTML, like Gecko) Chrome/74.0.3729.169 Safari/537.36',
  'accept' => 'image/webp,image/apng,image/*,*/*;q=0.8',
  'referer' => 'http://www.gohosts.com/thread/16.html',
  'accept-encoding' => 'gzip, deflate',
  'accept-language' => 'zh-CN,zh;q=0.9',
  'cookie' => 'PHPSESSID=mph3qmv4r22g8v40j9elgmbp60',
)
[ info ] [ PARAM ] array (
  '/uploads/20180224/e05b5a98dca16a9a84f576752dfb8bad_jpg' => '',
)
[ info ] [ LOG ] INIT File
---------------------------------------------------------------
[ 2019-06-19T16:52:48+08:00 ] 127.0.0.1 127.0.0.1 GET /home/37.html
[ info ] www.gohosts.com/home/37.html [运行时间：0.220293s][吞吐率：4.54req/s] [内存消耗：2,962.24kb] [文件加载：59]
[ info ] [ LANG ] E:\studysoft\phpstudy\PHPTutorial\WWW\tp5\thinkphp\lang\zh-cn.php
[ info ] [ BIND ] 'index'
[ info ] [ ROUTE ] array (
  'type' => 'module',
  'module' => 
  array (
    0 => 'index',
    1 => 'user',
    2 => 'home',
  ),
  'convert' => false,
)
[ info ] [ HEADER ] array (
  'host' => 'www.gohosts.com',
  'connection' => 'keep-alive',
  'upgrade-insecure-requests' => '1',
  'user-agent' => 'Mozilla/5.0 (Windows NT 10.0; Win64; x64) AppleWebKit/537.36 (KHTML, like Gecko) Chrome/74.0.3729.169 Safari/537.36',
  'accept' => 'text/html,application/xhtml+xml,application/xml;q=0.9,image/webp,image/apng,*/*;q=0.8,application/signed-exchange;v=b3',
  'referer' => 'http://www.gohosts.com/thread/16.html',
  'accept-encoding' => 'gzip, deflate',
  'accept-language' => 'zh-CN,zh;q=0.9',
  'cookie' => 'PHPSESSID=mph3qmv4r22g8v40j9elgmbp60',
)
[ info ] [ PARAM ] array (
  '/home/37_html' => '',
  'id' => '37',
)
[ info ] [ DB ] INIT mysql
[ info ] [ SESSION ] INIT array (
  'id' => '',
  'var_session_id' => '',
  'prefix' => 'think',
  'type' => '',
  'auto_start' => true,
)
[ info ] [ RUN ] app\index\controller\User->home[ E:\studysoft\phpstudy\PHPTutorial\WWW\tp5\application\index\controller\User.php ]
[ info ] [ VIEW ] ./template/default/user_home.html [ array (
  0 => 'tptop',
  1 => 'tptops',
  2 => 'tptuser',
  3 => 'tptc',
  4 => 'tpte',
  5 => 'tptm',
) ]
[ info ] [ LOG ] INIT File
---------------------------------------------------------------
[ 2019-06-19T16:52:49+08:00 ] 127.0.0.1 127.0.0.1 GET /thread/16.html
[ info ] www.gohosts.com/thread/16.html [运行时间：0.152165s][吞吐率：6.57req/s] [内存消耗：2,869.30kb] [文件加载：60]
[ info ] [ LANG ] E:\studysoft\phpstudy\PHPTutorial\WWW\tp5\thinkphp\lang\zh-cn.php
[ info ] [ BIND ] 'index'
[ info ] [ ROUTE ] array (
  'type' => 'module',
  'module' => 
  array (
    0 => 'index',
    1 => 'index',
    2 => 'thread',
  ),
  'convert' => false,
)
[ info ] [ HEADER ] array (
  'host' => 'www.gohosts.com',
  'connection' => 'keep-alive',
  'upgrade-insecure-requests' => '1',
  'user-agent' => 'Mozilla/5.0 (Windows NT 10.0; Win64; x64) AppleWebKit/537.36 (KHTML, like Gecko) Chrome/74.0.3729.169 Safari/537.36',
  'accept' => 'text/html,application/xhtml+xml,application/xml;q=0.9,image/webp,image/apng,*/*;q=0.8,application/signed-exchange;v=b3',
  'referer' => 'http://www.gohosts.com/?page=2',
  'accept-encoding' => 'gzip, deflate',
  'accept-language' => 'zh-CN,zh;q=0.9',
  'cookie' => 'PHPSESSID=mph3qmv4r22g8v40j9elgmbp60',
)
[ info ] [ PARAM ] array (
  '/thread/16_html' => '',
  'id' => '16',
)
[ info ] [ DB ] INIT mysql
[ info ] [ SESSION ] INIT array (
  'id' => '',
  'var_session_id' => '',
  'prefix' => 'think',
  'type' => '',
  'auto_start' => true,
)
[ info ] [ RUN ] app\index\controller\Index->thread[ E:\studysoft\phpstudy\PHPTutorial\WWW\tp5\application\index\controller\Index.php ]
[ info ] [ VIEW ] ./template/default/index_thread.html [ array (
  0 => 'tptca',
  1 => 'tptcm',
  2 => 'tptcc',
  3 => 'tptm',
  4 => 'tptl',
  5 => 'tpte',
  6 => 'tptf',
  7 => 'tptb',
  8 => 'tagss',
  9 => 'tptop',
  10 => 'tptops',
  11 => 'tptuser',
  12 => 'tptc',
  13 => 'tptt',
) ]
[ info ] [ LOG ] INIT File
---------------------------------------------------------------
[ 2019-06-19T16:53:17+08:00 ] 127.0.0.1 127.0.0.1 GET /view/12.html
[ info ] www.gohosts.com/view/12.html [运行时间：0.455480s][吞吐率：2.20req/s] [内存消耗：2,840.09kb] [文件加载：60]
[ info ] [ LANG ] E:\studysoft\phpstudy\PHPTutorial\WWW\tp5\thinkphp\lang\zh-cn.php
[ info ] [ BIND ] 'index'
[ info ] [ ROUTE ] array (
  'type' => 'module',
  'module' => 
  array (
    0 => 'index',
    1 => 'index',
    2 => 'view',
  ),
  'convert' => false,
)
[ info ] [ HEADER ] array (
  'host' => 'www.gohosts.com',
  'connection' => 'keep-alive',
  'upgrade-insecure-requests' => '1',
  'user-agent' => 'Mozilla/5.0 (Windows NT 10.0; Win64; x64) AppleWebKit/537.36 (KHTML, like Gecko) Chrome/74.0.3729.169 Safari/537.36',
  'accept' => 'text/html,application/xhtml+xml,application/xml;q=0.9,image/webp,image/apng,*/*;q=0.8,application/signed-exchange;v=b3',
  'referer' => 'http://www.gohosts.com/thread/16.html',
  'accept-encoding' => 'gzip, deflate',
  'accept-language' => 'zh-CN,zh;q=0.9',
  'cookie' => 'PHPSESSID=mph3qmv4r22g8v40j9elgmbp60',
)
[ info ] [ PARAM ] array (
  '/view/12_html' => '',
  'id' => '12',
)
[ info ] [ DB ] INIT mysql
[ info ] [ SESSION ] INIT array (
  'id' => '',
  'var_session_id' => '',
  'prefix' => 'think',
  'type' => '',
  'auto_start' => true,
)
[ info ] [ RUN ] app\index\controller\Index->view[ E:\studysoft\phpstudy\PHPTutorial\WWW\tp5\application\index\controller\Index.php ]
[ info ] [ VIEW ] ./template/default/index_view.html [ array (
  0 => 'tptca',
  1 => 'tptcm',
  2 => 'tptcc',
  3 => 'tptm',
  4 => 'tptl',
  5 => 'tpte',
  6 => 'tptf',
  7 => 'tptb',
  8 => 'tagss',
  9 => 'tptop',
  10 => 'tptops',
  11 => 'tptuser',
  12 => 'tptc',
  13 => 'tpti',
) ]
[ info ] [ LOG ] INIT File
---------------------------------------------------------------
[ 2019-06-19T16:53:17+08:00 ] 127.0.0.1 127.0.0.1 GET /uploads/20180224/e05b5a98dca16a9a84f576752dfb8bad.jpg
[ info ] www.gohosts.com/uploads/20180224/e05b5a98dca16a9a84f576752dfb8bad.jpg [运行时间：0.066383s][吞吐率：15.06req/s] [内存消耗：1,499.94kb] [文件加载：44]
[ info ] [ LANG ] E:\studysoft\phpstudy\PHPTutorial\WWW\tp5\thinkphp\lang\zh-cn.php
[ info ] [ BIND ] 'index'
[ info ] [ ROUTE ] array (
  'type' => 'module',
  'module' => 
  array (
    0 => 'index',
    1 => 'uploads',
    2 => '20180224',
  ),
)
[ info ] [ HEADER ] array (
  'host' => 'www.gohosts.com',
  'connection' => 'keep-alive',
  'user-agent' => 'Mozilla/5.0 (Windows NT 10.0; Win64; x64) AppleWebKit/537.36 (KHTML, like Gecko) Chrome/74.0.3729.169 Safari/537.36',
  'accept' => 'image/webp,image/apng,image/*,*/*;q=0.8',
  'referer' => 'http://www.gohosts.com/view/12.html',
  'accept-encoding' => 'gzip, deflate',
  'accept-language' => 'zh-CN,zh;q=0.9',
  'cookie' => 'PHPSESSID=mph3qmv4r22g8v40j9elgmbp60',
)
[ info ] [ PARAM ] array (
  '/uploads/20180224/e05b5a98dca16a9a84f576752dfb8bad_jpg' => '',
)
[ info ] [ LOG ] INIT File
---------------------------------------------------------------
[ 2019-06-19T16:53:20+08:00 ] 127.0.0.1 127.0.0.1 GET /view/13.html
[ info ] www.gohosts.com/view/13.html [运行时间：0.151330s][吞吐率：6.61req/s] [内存消耗：2,838.26kb] [文件加载：60]
[ info ] [ LANG ] E:\studysoft\phpstudy\PHPTutorial\WWW\tp5\thinkphp\lang\zh-cn.php
[ info ] [ BIND ] 'index'
[ info ] [ ROUTE ] array (
  'type' => 'module',
  'module' => 
  array (
    0 => 'index',
    1 => 'index',
    2 => 'view',
  ),
  'convert' => false,
)
[ info ] [ HEADER ] array (
  'host' => 'www.gohosts.com',
  'connection' => 'keep-alive',
  'upgrade-insecure-requests' => '1',
  'user-agent' => 'Mozilla/5.0 (Windows NT 10.0; Win64; x64) AppleWebKit/537.36 (KHTML, like Gecko) Chrome/74.0.3729.169 Safari/537.36',
  'accept' => 'text/html,application/xhtml+xml,application/xml;q=0.9,image/webp,image/apng,*/*;q=0.8,application/signed-exchange;v=b3',
  'referer' => 'http://www.gohosts.com/view/12.html',
  'accept-encoding' => 'gzip, deflate',
  'accept-language' => 'zh-CN,zh;q=0.9',
  'cookie' => 'PHPSESSID=mph3qmv4r22g8v40j9elgmbp60',
)
[ info ] [ PARAM ] array (
  '/view/13_html' => '',
  'id' => '13',
)
[ info ] [ DB ] INIT mysql
[ info ] [ SESSION ] INIT array (
  'id' => '',
  'var_session_id' => '',
  'prefix' => 'think',
  'type' => '',
  'auto_start' => true,
)
[ info ] [ RUN ] app\index\controller\Index->view[ E:\studysoft\phpstudy\PHPTutorial\WWW\tp5\application\index\controller\Index.php ]
[ info ] [ VIEW ] ./template/default/index_view.html [ array (
  0 => 'tptca',
  1 => 'tptcm',
  2 => 'tptcc',
  3 => 'tptm',
  4 => 'tptl',
  5 => 'tpte',
  6 => 'tptf',
  7 => 'tptb',
  8 => 'tagss',
  9 => 'tptop',
  10 => 'tptops',
  11 => 'tptuser',
  12 => 'tptc',
  13 => 'tpti',
) ]
[ info ] [ LOG ] INIT File
---------------------------------------------------------------
[ 2019-06-19T16:53:20+08:00 ] 127.0.0.1 127.0.0.1 GET /uploads/20180224/e05b5a98dca16a9a84f576752dfb8bad.jpg
[ info ] www.gohosts.com/uploads/20180224/e05b5a98dca16a9a84f576752dfb8bad.jpg [运行时间：0.077516s][吞吐率：12.90req/s] [内存消耗：1,499.94kb] [文件加载：44]
[ info ] [ LANG ] E:\studysoft\phpstudy\PHPTutorial\WWW\tp5\thinkphp\lang\zh-cn.php
[ info ] [ BIND ] 'index'
[ info ] [ ROUTE ] array (
  'type' => 'module',
  'module' => 
  array (
    0 => 'index',
    1 => 'uploads',
    2 => '20180224',
  ),
)
[ info ] [ HEADER ] array (
  'host' => 'www.gohosts.com',
  'connection' => 'keep-alive',
  'user-agent' => 'Mozilla/5.0 (Windows NT 10.0; Win64; x64) AppleWebKit/537.36 (KHTML, like Gecko) Chrome/74.0.3729.169 Safari/537.36',
  'accept' => 'image/webp,image/apng,image/*,*/*;q=0.8',
  'referer' => 'http://www.gohosts.com/view/13.html',
  'accept-encoding' => 'gzip, deflate',
  'accept-language' => 'zh-CN,zh;q=0.9',
  'cookie' => 'PHPSESSID=mph3qmv4r22g8v40j9elgmbp60',
)
[ info ] [ PARAM ] array (
  '/uploads/20180224/e05b5a98dca16a9a84f576752dfb8bad_jpg' => '',
)
[ info ] [ LOG ] INIT File
---------------------------------------------------------------
[ 2019-06-19T16:53:20+08:00 ] 127.0.0.1 127.0.0.1 GET /view/'+data[i].pPic+'
[ info ] www.gohosts.com/view/'+data[i].pPic+' [运行时间：0.265516s][吞吐率：3.77req/s] [内存消耗：2,787.47kb] [文件加载：58]
[ info ] [ LANG ] E:\studysoft\phpstudy\PHPTutorial\WWW\tp5\thinkphp\lang\zh-cn.php
[ info ] [ BIND ] 'index'
[ info ] [ ROUTE ] array (
  'type' => 'module',
  'module' => 
  array (
    0 => 'index',
    1 => 'index',
    2 => 'view',
  ),
  'convert' => false,
)
[ info ] [ HEADER ] array (
  'host' => 'www.gohosts.com',
  'connection' => 'keep-alive',
  'user-agent' => 'Mozilla/5.0 (Windows NT 10.0; Win64; x64) AppleWebKit/537.36 (KHTML, like Gecko) Chrome/74.0.3729.169 Safari/537.36',
  'accept' => 'image/webp,image/apng,image/*,*/*;q=0.8',
  'referer' => 'http://www.gohosts.com/view/13.html',
  'accept-encoding' => 'gzip, deflate',
  'accept-language' => 'zh-CN,zh;q=0.9',
  'cookie' => 'PHPSESSID=mph3qmv4r22g8v40j9elgmbp60',
)
[ info ] [ PARAM ] array (
  '/view/\'_data' => 
  array (
    'i' => '',
  ),
  'id' => '\'+data[i].pPic+\'',
)
[ info ] [ DB ] INIT mysql
[ info ] [ SESSION ] INIT array (
  'id' => '',
  'var_session_id' => '',
  'prefix' => 'think',
  'type' => '',
  'auto_start' => true,
)
[ info ] [ RUN ] app\index\controller\Index->view[ E:\studysoft\phpstudy\PHPTutorial\WWW\tp5\application\index\controller\Index.php ]
[ info ] [ VIEW ] E:\studysoft\phpstudy\PHPTutorial\WWW\tp5\thinkphp\tpl\dispatch_jump.tpl [ array (
  0 => 'tptca',
  1 => 'tptcm',
  2 => 'tptcc',
  3 => 'tptm',
  4 => 'tptl',
  5 => 'tpte',
  6 => 'tptf',
  7 => 'tptb',
  8 => 'tagss',
  9 => 'tptop',
  10 => 'tptops',
  11 => 'tptuser',
  12 => 'code',
  13 => 'msg',
  14 => 'data',
  15 => 'url',
  16 => 'wait',
) ]
[ info ] [ LOG ] INIT File
---------------------------------------------------------------
[ 2019-06-19T16:53:23+08:00 ] 127.0.0.1 127.0.0.1 GET /thread/17.html
[ info ] www.gohosts.com/thread/17.html [运行时间：0.155492s][吞吐率：6.43req/s] [内存消耗：2,856.27kb] [文件加载：60]
[ info ] [ LANG ] E:\studysoft\phpstudy\PHPTutorial\WWW\tp5\thinkphp\lang\zh-cn.php
[ info ] [ BIND ] 'index'
[ info ] [ ROUTE ] array (
  'type' => 'module',
  'module' => 
  array (
    0 => 'index',
    1 => 'index',
    2 => 'thread',
  ),
  'convert' => false,
)
[ info ] [ HEADER ] array (
  'host' => 'www.gohosts.com',
  'connection' => 'keep-alive',
  'upgrade-insecure-requests' => '1',
  'user-agent' => 'Mozilla/5.0 (Windows NT 10.0; Win64; x64) AppleWebKit/537.36 (KHTML, like Gecko) Chrome/74.0.3729.169 Safari/537.36',
  'accept' => 'text/html,application/xhtml+xml,application/xml;q=0.9,image/webp,image/apng,*/*;q=0.8,application/signed-exchange;v=b3',
  'referer' => 'http://www.gohosts.com/view/13.html',
  'accept-encoding' => 'gzip, deflate',
  'accept-language' => 'zh-CN,zh;q=0.9',
  'cookie' => 'PHPSESSID=mph3qmv4r22g8v40j9elgmbp60',
)
[ info ] [ PARAM ] array (
  '/thread/17_html' => '',
  'id' => '17',
)
[ info ] [ DB ] INIT mysql
[ info ] [ SESSION ] INIT array (
  'id' => '',
  'var_session_id' => '',
  'prefix' => 'think',
  'type' => '',
  'auto_start' => true,
)
[ info ] [ RUN ] app\index\controller\Index->thread[ E:\studysoft\phpstudy\PHPTutorial\WWW\tp5\application\index\controller\Index.php ]
[ info ] [ VIEW ] ./template/default/index_thread.html [ array (
  0 => 'tptca',
  1 => 'tptcm',
  2 => 'tptcc',
  3 => 'tptm',
  4 => 'tptl',
  5 => 'tpte',
  6 => 'tptf',
  7 => 'tptb',
  8 => 'tagss',
  9 => 'tptop',
  10 => 'tptops',
  11 => 'tptuser',
  12 => 'tptc',
  13 => 'tptt',
) ]
[ info ] [ LOG ] INIT File
---------------------------------------------------------------
[ 2019-06-19T16:53:23+08:00 ] 127.0.0.1 127.0.0.1 GET /uploads/20180224/e05b5a98dca16a9a84f576752dfb8bad.jpg
[ info ] www.gohosts.com/uploads/20180224/e05b5a98dca16a9a84f576752dfb8bad.jpg [运行时间：0.056605s][吞吐率：17.67req/s] [内存消耗：1,500.00kb] [文件加载：44]
[ info ] [ LANG ] E:\studysoft\phpstudy\PHPTutorial\WWW\tp5\thinkphp\lang\zh-cn.php
[ info ] [ BIND ] 'index'
[ info ] [ ROUTE ] array (
  'type' => 'module',
  'module' => 
  array (
    0 => 'index',
    1 => 'uploads',
    2 => '20180224',
  ),
)
[ info ] [ HEADER ] array (
  'host' => 'www.gohosts.com',
  'connection' => 'keep-alive',
  'user-agent' => 'Mozilla/5.0 (Windows NT 10.0; Win64; x64) AppleWebKit/537.36 (KHTML, like Gecko) Chrome/74.0.3729.169 Safari/537.36',
  'accept' => 'image/webp,image/apng,image/*,*/*;q=0.8',
  'referer' => 'http://www.gohosts.com/thread/17.html',
  'accept-encoding' => 'gzip, deflate',
  'accept-language' => 'zh-CN,zh;q=0.9',
  'cookie' => 'PHPSESSID=mph3qmv4r22g8v40j9elgmbp60',
)
[ info ] [ PARAM ] array (
  '/uploads/20180224/e05b5a98dca16a9a84f576752dfb8bad_jpg' => '',
)
[ info ] [ LOG ] INIT File
---------------------------------------------------------------
[ 2019-06-19T16:53:27+08:00 ] 127.0.0.1 127.0.0.1 GET /
[ info ] www.gohosts.com/ [运行时间：0.154156s][吞吐率：6.49req/s] [内存消耗：2,903.89kb] [文件加载：60]
[ info ] [ LANG ] E:\studysoft\phpstudy\PHPTutorial\WWW\tp5\thinkphp\lang\zh-cn.php
[ info ] [ BIND ] 'index'
[ info ] [ ROUTE ] array (
  'type' => 'module',
  'module' => 
  array (
    0 => 'index',
    1 => NULL,
    2 => NULL,
  ),
)
[ info ] [ HEADER ] array (
  'host' => 'www.gohosts.com',
  'connection' => 'keep-alive',
  'upgrade-insecure-requests' => '1',
  'user-agent' => 'Mozilla/5.0 (Windows NT 10.0; Win64; x64) AppleWebKit/537.36 (KHTML, like Gecko) Chrome/74.0.3729.169 Safari/537.36',
  'accept' => 'text/html,application/xhtml+xml,application/xml;q=0.9,image/webp,image/apng,*/*;q=0.8,application/signed-exchange;v=b3',
  'referer' => 'http://www.gohosts.com/thread/17.html',
  'accept-encoding' => 'gzip, deflate',
  'accept-language' => 'zh-CN,zh;q=0.9',
  'cookie' => 'PHPSESSID=mph3qmv4r22g8v40j9elgmbp60',
)
[ info ] [ PARAM ] array (
)
[ info ] [ DB ] INIT mysql
[ info ] [ SESSION ] INIT array (
  'id' => '',
  'var_session_id' => '',
  'prefix' => 'think',
  'type' => '',
  'auto_start' => true,
)
[ info ] [ RUN ] app\index\controller\Index->index[ E:\studysoft\phpstudy\PHPTutorial\WWW\tp5\application\index\controller\Index.php ]
[ info ] [ VIEW ] ./template/default/index_index.html [ array (
  0 => 'tptca',
  1 => 'tptcm',
  2 => 'tptcc',
  3 => 'tptm',
  4 => 'tptl',
  5 => 'tpte',
  6 => 'tptf',
  7 => 'tptb',
  8 => 'tagss',
  9 => 'tptop',
  10 => 'tptops',
  11 => 'tptuser',
  12 => 'tptc',
  13 => 'tptcs',
) ]
[ info ] [ LOG ] INIT File
---------------------------------------------------------------
[ 2019-06-19T16:53:27+08:00 ] 127.0.0.1 127.0.0.1 GET /uploads/20180224/e05b5a98dca16a9a84f576752dfb8bad.jpg
[ info ] www.gohosts.com/uploads/20180224/e05b5a98dca16a9a84f576752dfb8bad.jpg [运行时间：0.070672s][吞吐率：14.15req/s] [内存消耗：1,499.97kb] [文件加载：44]
[ info ] [ LANG ] E:\studysoft\phpstudy\PHPTutorial\WWW\tp5\thinkphp\lang\zh-cn.php
[ info ] [ BIND ] 'index'
[ info ] [ ROUTE ] array (
  'type' => 'module',
  'module' => 
  array (
    0 => 'index',
    1 => 'uploads',
    2 => '20180224',
  ),
)
[ info ] [ HEADER ] array (
  'host' => 'www.gohosts.com',
  'connection' => 'keep-alive',
  'user-agent' => 'Mozilla/5.0 (Windows NT 10.0; Win64; x64) AppleWebKit/537.36 (KHTML, like Gecko) Chrome/74.0.3729.169 Safari/537.36',
  'accept' => 'image/webp,image/apng,image/*,*/*;q=0.8',
  'referer' => 'http://www.gohosts.com/',
  'accept-encoding' => 'gzip, deflate',
  'accept-language' => 'zh-CN,zh;q=0.9',
  'cookie' => 'PHPSESSID=mph3qmv4r22g8v40j9elgmbp60',
)
[ info ] [ PARAM ] array (
  '/uploads/20180224/e05b5a98dca16a9a84f576752dfb8bad_jpg' => '',
)
[ info ] [ LOG ] INIT File
---------------------------------------------------------------
[ 2019-06-19T16:53:30+08:00 ] 127.0.0.1 127.0.0.1 GET /
[ info ] www.gohosts.com/ [运行时间：0.154222s][吞吐率：6.48req/s] [内存消耗：2,903.77kb] [文件加载：60]
[ info ] [ LANG ] E:\studysoft\phpstudy\PHPTutorial\WWW\tp5\thinkphp\lang\zh-cn.php
[ info ] [ BIND ] 'index'
[ info ] [ ROUTE ] array (
  'type' => 'module',
  'module' => 
  array (
    0 => 'index',
    1 => NULL,
    2 => NULL,
  ),
)
[ info ] [ HEADER ] array (
  'host' => 'www.gohosts.com',
  'connection' => 'keep-alive',
  'upgrade-insecure-requests' => '1',
  'user-agent' => 'Mozilla/5.0 (Windows NT 10.0; Win64; x64) AppleWebKit/537.36 (KHTML, like Gecko) Chrome/74.0.3729.169 Safari/537.36',
  'accept' => 'text/html,application/xhtml+xml,application/xml;q=0.9,image/webp,image/apng,*/*;q=0.8,application/signed-exchange;v=b3',
  'referer' => 'http://www.gohosts.com/',
  'accept-encoding' => 'gzip, deflate',
  'accept-language' => 'zh-CN,zh;q=0.9',
  'cookie' => 'PHPSESSID=mph3qmv4r22g8v40j9elgmbp60',
)
[ info ] [ PARAM ] array (
)
[ info ] [ DB ] INIT mysql
[ info ] [ SESSION ] INIT array (
  'id' => '',
  'var_session_id' => '',
  'prefix' => 'think',
  'type' => '',
  'auto_start' => true,
)
[ info ] [ RUN ] app\index\controller\Index->index[ E:\studysoft\phpstudy\PHPTutorial\WWW\tp5\application\index\controller\Index.php ]
[ info ] [ VIEW ] ./template/default/index_index.html [ array (
  0 => 'tptca',
  1 => 'tptcm',
  2 => 'tptcc',
  3 => 'tptm',
  4 => 'tptl',
  5 => 'tpte',
  6 => 'tptf',
  7 => 'tptb',
  8 => 'tagss',
  9 => 'tptop',
  10 => 'tptops',
  11 => 'tptuser',
  12 => 'tptc',
  13 => 'tptcs',
) ]
[ info ] [ LOG ] INIT File
---------------------------------------------------------------
[ 2019-06-19T16:53:30+08:00 ] 127.0.0.1 127.0.0.1 GET /uploads/20180224/e05b5a98dca16a9a84f576752dfb8bad.jpg
[ info ] www.gohosts.com/uploads/20180224/e05b5a98dca16a9a84f576752dfb8bad.jpg [运行时间：0.058024s][吞吐率：17.23req/s] [内存消耗：1,499.97kb] [文件加载：44]
[ info ] [ LANG ] E:\studysoft\phpstudy\PHPTutorial\WWW\tp5\thinkphp\lang\zh-cn.php
[ info ] [ BIND ] 'index'
[ info ] [ ROUTE ] array (
  'type' => 'module',
  'module' => 
  array (
    0 => 'index',
    1 => 'uploads',
    2 => '20180224',
  ),
)
[ info ] [ HEADER ] array (
  'host' => 'www.gohosts.com',
  'connection' => 'keep-alive',
  'user-agent' => 'Mozilla/5.0 (Windows NT 10.0; Win64; x64) AppleWebKit/537.36 (KHTML, like Gecko) Chrome/74.0.3729.169 Safari/537.36',
  'accept' => 'image/webp,image/apng,image/*,*/*;q=0.8',
  'referer' => 'http://www.gohosts.com/',
  'accept-encoding' => 'gzip, deflate',
  'accept-language' => 'zh-CN,zh;q=0.9',
  'cookie' => 'PHPSESSID=mph3qmv4r22g8v40j9elgmbp60',
)
[ info ] [ PARAM ] array (
  '/uploads/20180224/e05b5a98dca16a9a84f576752dfb8bad_jpg' => '',
)
[ info ] [ LOG ] INIT File
---------------------------------------------------------------
[ 2019-06-19T16:53:53+08:00 ] 127.0.0.1 127.0.0.1 GET /?page=2
[ info ] www.gohosts.com/?page=2 [运行时间：0.179217s][吞吐率：5.58req/s] [内存消耗：2,923.18kb] [文件加载：60]
[ info ] [ LANG ] E:\studysoft\phpstudy\PHPTutorial\WWW\tp5\thinkphp\lang\zh-cn.php
[ info ] [ BIND ] 'index'
[ info ] [ ROUTE ] array (
  'type' => 'module',
  'module' => 
  array (
    0 => 'index',
    1 => NULL,
    2 => NULL,
  ),
)
[ info ] [ HEADER ] array (
  'host' => 'www.gohosts.com',
  'connection' => 'keep-alive',
  'upgrade-insecure-requests' => '1',
  'user-agent' => 'Mozilla/5.0 (Windows NT 10.0; Win64; x64) AppleWebKit/537.36 (KHTML, like Gecko) Chrome/74.0.3729.169 Safari/537.36',
  'accept' => 'text/html,application/xhtml+xml,application/xml;q=0.9,image/webp,image/apng,*/*;q=0.8,application/signed-exchange;v=b3',
  'referer' => 'http://www.gohosts.com/',
  'accept-encoding' => 'gzip, deflate',
  'accept-language' => 'zh-CN,zh;q=0.9',
  'cookie' => 'PHPSESSID=mph3qmv4r22g8v40j9elgmbp60',
)
[ info ] [ PARAM ] array (
  'page' => '2',
)
[ info ] [ DB ] INIT mysql
[ info ] [ SESSION ] INIT array (
  'id' => '',
  'var_session_id' => '',
  'prefix' => 'think',
  'type' => '',
  'auto_start' => true,
)
[ info ] [ RUN ] app\index\controller\Index->index[ E:\studysoft\phpstudy\PHPTutorial\WWW\tp5\application\index\controller\Index.php ]
[ info ] [ VIEW ] ./template/default/index_index.html [ array (
  0 => 'tptca',
  1 => 'tptcm',
  2 => 'tptcc',
  3 => 'tptm',
  4 => 'tptl',
  5 => 'tpte',
  6 => 'tptf',
  7 => 'tptb',
  8 => 'tagss',
  9 => 'tptop',
  10 => 'tptops',
  11 => 'tptuser',
  12 => 'tptc',
  13 => 'tptcs',
) ]
[ info ] [ LOG ] INIT File
---------------------------------------------------------------
[ 2019-06-19T16:53:53+08:00 ] 127.0.0.1 127.0.0.1 GET /uploads/20180224/e05b5a98dca16a9a84f576752dfb8bad.jpg
[ info ] www.gohosts.com/uploads/20180224/e05b5a98dca16a9a84f576752dfb8bad.jpg [运行时间：0.080410s][吞吐率：12.44req/s] [内存消耗：1,500.10kb] [文件加载：44]
[ info ] [ LANG ] E:\studysoft\phpstudy\PHPTutorial\WWW\tp5\thinkphp\lang\zh-cn.php
[ info ] [ BIND ] 'index'
[ info ] [ ROUTE ] array (
  'type' => 'module',
  'module' => 
  array (
    0 => 'index',
    1 => 'uploads',
    2 => '20180224',
  ),
)
[ info ] [ HEADER ] array (
  'host' => 'www.gohosts.com',
  'connection' => 'keep-alive',
  'user-agent' => 'Mozilla/5.0 (Windows NT 10.0; Win64; x64) AppleWebKit/537.36 (KHTML, like Gecko) Chrome/74.0.3729.169 Safari/537.36',
  'accept' => 'image/webp,image/apng,image/*,*/*;q=0.8',
  'referer' => 'http://www.gohosts.com/?page=2',
  'accept-encoding' => 'gzip, deflate',
  'accept-language' => 'zh-CN,zh;q=0.9',
  'cookie' => 'PHPSESSID=mph3qmv4r22g8v40j9elgmbp60',
)
[ info ] [ PARAM ] array (
  '/uploads/20180224/e05b5a98dca16a9a84f576752dfb8bad_jpg' => '',
)
[ info ] [ LOG ] INIT File
---------------------------------------------------------------
[ 2019-06-19T16:53:53+08:00 ] 127.0.0.1 127.0.0.1 GET /'+data[i].pPic+'
[ info ] www.gohosts.com/'+data[i].pPic+' [运行时间：0.062533s][吞吐率：15.99req/s] [内存消耗：1,499.70kb] [文件加载：44]
[ info ] [ LANG ] E:\studysoft\phpstudy\PHPTutorial\WWW\tp5\thinkphp\lang\zh-cn.php
[ info ] [ BIND ] 'index'
[ info ] [ ROUTE ] array (
  'type' => 'module',
  'module' => 
  array (
    0 => 'index',
    1 => '\'+data[i].pPic+\'',
    2 => NULL,
  ),
)
[ info ] [ HEADER ] array (
  'host' => 'www.gohosts.com',
  'connection' => 'keep-alive',
  'user-agent' => 'Mozilla/5.0 (Windows NT 10.0; Win64; x64) AppleWebKit/537.36 (KHTML, like Gecko) Chrome/74.0.3729.169 Safari/537.36',
  'accept' => 'image/webp,image/apng,image/*,*/*;q=0.8',
  'referer' => 'http://www.gohosts.com/?page=2',
  'accept-encoding' => 'gzip, deflate',
  'accept-language' => 'zh-CN,zh;q=0.9',
  'cookie' => 'PHPSESSID=mph3qmv4r22g8v40j9elgmbp60',
)
[ info ] [ PARAM ] array (
  '/\'_data' => 
  array (
    'i' => '',
  ),
)
[ info ] [ LOG ] INIT File
---------------------------------------------------------------
[ 2019-06-19T16:53:56+08:00 ] 127.0.0.1 127.0.0.1 GET /?page=1
[ info ] www.gohosts.com/?page=1 [运行时间：0.144225s][吞吐率：6.93req/s] [内存消耗：2,904.28kb] [文件加载：60]
[ info ] [ LANG ] E:\studysoft\phpstudy\PHPTutorial\WWW\tp5\thinkphp\lang\zh-cn.php
[ info ] [ BIND ] 'index'
[ info ] [ ROUTE ] array (
  'type' => 'module',
  'module' => 
  array (
    0 => 'index',
    1 => NULL,
    2 => NULL,
  ),
)
[ info ] [ HEADER ] array (
  'host' => 'www.gohosts.com',
  'connection' => 'keep-alive',
  'upgrade-insecure-requests' => '1',
  'user-agent' => 'Mozilla/5.0 (Windows NT 10.0; Win64; x64) AppleWebKit/537.36 (KHTML, like Gecko) Chrome/74.0.3729.169 Safari/537.36',
  'accept' => 'text/html,application/xhtml+xml,application/xml;q=0.9,image/webp,image/apng,*/*;q=0.8,application/signed-exchange;v=b3',
  'referer' => 'http://www.gohosts.com/?page=2',
  'accept-encoding' => 'gzip, deflate',
  'accept-language' => 'zh-CN,zh;q=0.9',
  'cookie' => 'PHPSESSID=mph3qmv4r22g8v40j9elgmbp60',
)
[ info ] [ PARAM ] array (
  'page' => '1',
)
[ info ] [ DB ] INIT mysql
[ info ] [ SESSION ] INIT array (
  'id' => '',
  'var_session_id' => '',
  'prefix' => 'think',
  'type' => '',
  'auto_start' => true,
)
[ info ] [ RUN ] app\index\controller\Index->index[ E:\studysoft\phpstudy\PHPTutorial\WWW\tp5\application\index\controller\Index.php ]
[ info ] [ VIEW ] ./template/default/index_index.html [ array (
  0 => 'tptca',
  1 => 'tptcm',
  2 => 'tptcc',
  3 => 'tptm',
  4 => 'tptl',
  5 => 'tpte',
  6 => 'tptf',
  7 => 'tptb',
  8 => 'tagss',
  9 => 'tptop',
  10 => 'tptops',
  11 => 'tptuser',
  12 => 'tptc',
  13 => 'tptcs',
) ]
[ info ] [ LOG ] INIT File
---------------------------------------------------------------
[ 2019-06-19T16:53:56+08:00 ] 127.0.0.1 127.0.0.1 GET /uploads/20180224/e05b5a98dca16a9a84f576752dfb8bad.jpg
[ info ] www.gohosts.com/uploads/20180224/e05b5a98dca16a9a84f576752dfb8bad.jpg [运行时间：0.065605s][吞吐率：15.24req/s] [内存消耗：1,500.10kb] [文件加载：44]
[ info ] [ LANG ] E:\studysoft\phpstudy\PHPTutorial\WWW\tp5\thinkphp\lang\zh-cn.php
[ info ] [ BIND ] 'index'
[ info ] [ ROUTE ] array (
  'type' => 'module',
  'module' => 
  array (
    0 => 'index',
    1 => 'uploads',
    2 => '20180224',
  ),
)
[ info ] [ HEADER ] array (
  'host' => 'www.gohosts.com',
  'connection' => 'keep-alive',
  'user-agent' => 'Mozilla/5.0 (Windows NT 10.0; Win64; x64) AppleWebKit/537.36 (KHTML, like Gecko) Chrome/74.0.3729.169 Safari/537.36',
  'accept' => 'image/webp,image/apng,image/*,*/*;q=0.8',
  'referer' => 'http://www.gohosts.com/?page=1',
  'accept-encoding' => 'gzip, deflate',
  'accept-language' => 'zh-CN,zh;q=0.9',
  'cookie' => 'PHPSESSID=mph3qmv4r22g8v40j9elgmbp60',
)
[ info ] [ PARAM ] array (
  '/uploads/20180224/e05b5a98dca16a9a84f576752dfb8bad_jpg' => '',
)
[ info ] [ LOG ] INIT File
---------------------------------------------------------------
[ 2019-06-19T16:54:24+08:00 ] 127.0.0.1 127.0.0.1 GET /user/login.html
[ info ] www.gohosts.com/user/login.html [运行时间：0.093938s][吞吐率：10.65req/s] [内存消耗：2,611.83kb] [文件加载：57]
[ info ] [ LANG ] E:\studysoft\phpstudy\PHPTutorial\WWW\tp5\thinkphp\lang\zh-cn.php
[ info ] [ BIND ] 'index'
[ info ] [ ROUTE ] array (
  'type' => 'module',
  'module' => 
  array (
    0 => 'index',
    1 => 'login',
    2 => 'index',
  ),
  'convert' => false,
)
[ info ] [ HEADER ] array (
  'host' => 'www.gohosts.com',
  'connection' => 'keep-alive',
  'upgrade-insecure-requests' => '1',
  'user-agent' => 'Mozilla/5.0 (Windows NT 10.0; Win64; x64) AppleWebKit/537.36 (KHTML, like Gecko) Chrome/74.0.3729.169 Safari/537.36',
  'accept' => 'text/html,application/xhtml+xml,application/xml;q=0.9,image/webp,image/apng,*/*;q=0.8,application/signed-exchange;v=b3',
  'referer' => 'http://www.gohosts.com/?page=1',
  'accept-encoding' => 'gzip, deflate',
  'accept-language' => 'zh-CN,zh;q=0.9',
  'cookie' => 'PHPSESSID=mph3qmv4r22g8v40j9elgmbp60',
)
[ info ] [ PARAM ] array (
  '/user/login_html' => '',
)
[ info ] [ DB ] INIT mysql
[ info ] [ SESSION ] INIT array (
  'id' => '',
  'var_session_id' => '',
  'prefix' => 'think',
  'type' => '',
  'auto_start' => true,
)
[ info ] [ RUN ] app\index\controller\Login->index[ E:\studysoft\phpstudy\PHPTutorial\WWW\tp5\application\index\controller\Login.php ]
[ info ] [ VIEW ] ./template/default/login_index.html [ array (
  0 => 'tptop',
  1 => 'tptops',
  2 => 'tptuser',
) ]
[ info ] [ LOG ] INIT File
---------------------------------------------------------------
[ 2019-06-19T16:54:29+08:00 ] 127.0.0.1 127.0.0.1 GET /user/reg.html
[ info ] www.gohosts.com/user/reg.html [运行时间：0.385002s][吞吐率：2.60req/s] [内存消耗：2,918.68kb] [文件加载：59]
[ info ] [ LANG ] E:\studysoft\phpstudy\PHPTutorial\WWW\tp5\thinkphp\lang\zh-cn.php
[ info ] [ BIND ] 'index'
[ info ] [ ROUTE ] array (
  'type' => 'module',
  'module' => 
  array (
    0 => 'index',
    1 => 'login',
    2 => 'reg',
  ),
  'convert' => false,
)
[ info ] [ HEADER ] array (
  'host' => 'www.gohosts.com',
  'connection' => 'keep-alive',
  'upgrade-insecure-requests' => '1',
  'user-agent' => 'Mozilla/5.0 (Windows NT 10.0; Win64; x64) AppleWebKit/537.36 (KHTML, like Gecko) Chrome/74.0.3729.169 Safari/537.36',
  'accept' => 'text/html,application/xhtml+xml,application/xml;q=0.9,image/webp,image/apng,*/*;q=0.8,application/signed-exchange;v=b3',
  'referer' => 'http://www.gohosts.com/user/login.html',
  'accept-encoding' => 'gzip, deflate',
  'accept-language' => 'zh-CN,zh;q=0.9',
  'cookie' => 'PHPSESSID=mph3qmv4r22g8v40j9elgmbp60',
)
[ info ] [ PARAM ] array (
  '/user/reg_html' => '',
)
[ info ] [ DB ] INIT mysql
[ info ] [ SESSION ] INIT array (
  'id' => '',
  'var_session_id' => '',
  'prefix' => 'think',
  'type' => '',
  'auto_start' => true,
)
[ info ] [ RUN ] app\index\controller\Login->reg[ E:\studysoft\phpstudy\PHPTutorial\WWW\tp5\application\index\controller\Login.php ]
[ info ] [ VIEW ] ./template/default/login_reg.html [ array (
  0 => 'tptop',
  1 => 'tptops',
  2 => 'tptuser',
) ]
[ info ] [ LOG ] INIT File
---------------------------------------------------------------
[ 2019-06-19T16:54:57+08:00 ] 127.0.0.1 127.0.0.1 POST /user/reg.html
[ info ] www.gohosts.com/user/reg.html [运行时间：0.158582s][吞吐率：6.31req/s] [内存消耗：2,853.39kb] [文件加载：57]
[ info ] [ LANG ] E:\studysoft\phpstudy\PHPTutorial\WWW\tp5\thinkphp\lang\zh-cn.php
[ info ] [ BIND ] 'index'
[ info ] [ ROUTE ] array (
  'type' => 'module',
  'module' => 
  array (
    0 => 'index',
    1 => 'login',
    2 => 'reg',
  ),
  'convert' => false,
)
[ info ] [ HEADER ] array (
  'host' => 'www.gohosts.com',
  'connection' => 'keep-alive',
  'content-length' => '106',
  'accept' => '*/*',
  'origin' => 'http://www.gohosts.com',
  'x-requested-with' => 'XMLHttpRequest',
  'user-agent' => 'Mozilla/5.0 (Windows NT 10.0; Win64; x64) AppleWebKit/537.36 (KHTML, like Gecko) Chrome/74.0.3729.169 Safari/537.36',
  'content-type' => 'application/x-www-form-urlencoded; charset=UTF-8',
  'referer' => 'http://www.gohosts.com/user/reg.html',
  'accept-encoding' => 'gzip, deflate',
  'accept-language' => 'zh-CN,zh;q=0.9',
  'cookie' => 'PHPSESSID=mph3qmv4r22g8v40j9elgmbp60',
)
[ info ] [ PARAM ] array (
  '/user/reg_html' => '',
  'usermail' => '2268492954@qq.com',
  'username' => '蔡徐坤',
  'password' => '2268492954',
  'passwords' => '2268492954',
)
[ info ] [ DB ] INIT mysql
[ info ] [ SESSION ] INIT array (
  'id' => '',
  'var_session_id' => '',
  'prefix' => 'think',
  'type' => '',
  'auto_start' => true,
)
[ info ] [ RUN ] app\index\controller\Login->reg[ E:\studysoft\phpstudy\PHPTutorial\WWW\tp5\application\index\controller\Login.php ]
[ info ] [ LOG ] INIT File
---------------------------------------------------------------
[ 2019-06-19T16:54:58+08:00 ] 127.0.0.1 127.0.0.1 GET /user/login.html
[ info ] www.gohosts.com/user/login.html [运行时间：0.104398s][吞吐率：9.58req/s] [内存消耗：2,611.76kb] [文件加载：57]
[ info ] [ LANG ] E:\studysoft\phpstudy\PHPTutorial\WWW\tp5\thinkphp\lang\zh-cn.php
[ info ] [ BIND ] 'index'
[ info ] [ ROUTE ] array (
  'type' => 'module',
  'module' => 
  array (
    0 => 'index',
    1 => 'login',
    2 => 'index',
  ),
  'convert' => false,
)
[ info ] [ HEADER ] array (
  'host' => 'www.gohosts.com',
  'connection' => 'keep-alive',
  'upgrade-insecure-requests' => '1',
  'user-agent' => 'Mozilla/5.0 (Windows NT 10.0; Win64; x64) AppleWebKit/537.36 (KHTML, like Gecko) Chrome/74.0.3729.169 Safari/537.36',
  'accept' => 'text/html,application/xhtml+xml,application/xml;q=0.9,image/webp,image/apng,*/*;q=0.8,application/signed-exchange;v=b3',
  'referer' => 'http://www.gohosts.com/user/reg.html',
  'accept-encoding' => 'gzip, deflate',
  'accept-language' => 'zh-CN,zh;q=0.9',
  'cookie' => 'PHPSESSID=mph3qmv4r22g8v40j9elgmbp60',
)
[ info ] [ PARAM ] array (
  '/user/login_html' => '',
)
[ info ] [ DB ] INIT mysql
[ info ] [ SESSION ] INIT array (
  'id' => '',
  'var_session_id' => '',
  'prefix' => 'think',
  'type' => '',
  'auto_start' => true,
)
[ info ] [ RUN ] app\index\controller\Login->index[ E:\studysoft\phpstudy\PHPTutorial\WWW\tp5\application\index\controller\Login.php ]
[ info ] [ VIEW ] ./template/default/login_index.html [ array (
  0 => 'tptop',
  1 => 'tptops',
  2 => 'tptuser',
) ]
[ info ] [ LOG ] INIT File
---------------------------------------------------------------
[ 2019-06-19T16:55:05+08:00 ] 127.0.0.1 127.0.0.1 GET /user/reg.html
[ info ] www.gohosts.com/user/reg.html [运行时间：0.114242s][吞吐率：8.75req/s] [内存消耗：2,918.68kb] [文件加载：59]
[ info ] [ LANG ] E:\studysoft\phpstudy\PHPTutorial\WWW\tp5\thinkphp\lang\zh-cn.php
[ info ] [ BIND ] 'index'
[ info ] [ ROUTE ] array (
  'type' => 'module',
  'module' => 
  array (
    0 => 'index',
    1 => 'login',
    2 => 'reg',
  ),
  'convert' => false,
)
[ info ] [ HEADER ] array (
  'host' => 'www.gohosts.com',
  'connection' => 'keep-alive',
  'upgrade-insecure-requests' => '1',
  'user-agent' => 'Mozilla/5.0 (Windows NT 10.0; Win64; x64) AppleWebKit/537.36 (KHTML, like Gecko) Chrome/74.0.3729.169 Safari/537.36',
  'accept' => 'text/html,application/xhtml+xml,application/xml;q=0.9,image/webp,image/apng,*/*;q=0.8,application/signed-exchange;v=b3',
  'referer' => 'http://www.gohosts.com/user/login.html',
  'accept-encoding' => 'gzip, deflate',
  'accept-language' => 'zh-CN,zh;q=0.9',
  'cookie' => 'PHPSESSID=mph3qmv4r22g8v40j9elgmbp60',
)
[ info ] [ PARAM ] array (
  '/user/reg_html' => '',
)
[ info ] [ DB ] INIT mysql
[ info ] [ SESSION ] INIT array (
  'id' => '',
  'var_session_id' => '',
  'prefix' => 'think',
  'type' => '',
  'auto_start' => true,
)
[ info ] [ RUN ] app\index\controller\Login->reg[ E:\studysoft\phpstudy\PHPTutorial\WWW\tp5\application\index\controller\Login.php ]
[ info ] [ VIEW ] ./template/default/login_reg.html [ array (
  0 => 'tptop',
  1 => 'tptops',
  2 => 'tptuser',
) ]
[ info ] [ LOG ] INIT File
---------------------------------------------------------------
[ 2019-06-19T16:55:06+08:00 ] 127.0.0.1 127.0.0.1 GET /user/login.html
[ info ] www.gohosts.com/user/login.html [运行时间：0.110692s][吞吐率：9.03req/s] [内存消耗：2,611.76kb] [文件加载：57]
[ info ] [ LANG ] E:\studysoft\phpstudy\PHPTutorial\WWW\tp5\thinkphp\lang\zh-cn.php
[ info ] [ BIND ] 'index'
[ info ] [ ROUTE ] array (
  'type' => 'module',
  'module' => 
  array (
    0 => 'index',
    1 => 'login',
    2 => 'index',
  ),
  'convert' => false,
)
[ info ] [ HEADER ] array (
  'host' => 'www.gohosts.com',
  'connection' => 'keep-alive',
  'upgrade-insecure-requests' => '1',
  'user-agent' => 'Mozilla/5.0 (Windows NT 10.0; Win64; x64) AppleWebKit/537.36 (KHTML, like Gecko) Chrome/74.0.3729.169 Safari/537.36',
  'accept' => 'text/html,application/xhtml+xml,application/xml;q=0.9,image/webp,image/apng,*/*;q=0.8,application/signed-exchange;v=b3',
  'referer' => 'http://www.gohosts.com/user/reg.html',
  'accept-encoding' => 'gzip, deflate',
  'accept-language' => 'zh-CN,zh;q=0.9',
  'cookie' => 'PHPSESSID=mph3qmv4r22g8v40j9elgmbp60',
)
[ info ] [ PARAM ] array (
  '/user/login_html' => '',
)
[ info ] [ DB ] INIT mysql
[ info ] [ SESSION ] INIT array (
  'id' => '',
  'var_session_id' => '',
  'prefix' => 'think',
  'type' => '',
  'auto_start' => true,
)
[ info ] [ RUN ] app\index\controller\Login->index[ E:\studysoft\phpstudy\PHPTutorial\WWW\tp5\application\index\controller\Login.php ]
[ info ] [ VIEW ] ./template/default/login_index.html [ array (
  0 => 'tptop',
  1 => 'tptops',
  2 => 'tptuser',
) ]
[ info ] [ LOG ] INIT File
---------------------------------------------------------------
[ 2019-06-19T16:55:18+08:00 ] 127.0.0.1 127.0.0.1 POST /user/login.html
[ info ] www.gohosts.com/user/login.html [运行时间：0.161088s][吞吐率：6.21req/s] [内存消耗：2,620.20kb] [文件加载：58]
[ info ] [ LANG ] E:\studysoft\phpstudy\PHPTutorial\WWW\tp5\thinkphp\lang\zh-cn.php
[ info ] [ BIND ] 'index'
[ info ] [ ROUTE ] array (
  'type' => 'module',
  'module' => 
  array (
    0 => 'index',
    1 => 'login',
    2 => 'index',
  ),
  'convert' => false,
)
[ info ] [ HEADER ] array (
  'host' => 'www.gohosts.com',
  'connection' => 'keep-alive',
  'content-length' => '48',
  'accept' => '*/*',
  'origin' => 'http://www.gohosts.com',
  'x-requested-with' => 'XMLHttpRequest',
  'user-agent' => 'Mozilla/5.0 (Windows NT 10.0; Win64; x64) AppleWebKit/537.36 (KHTML, like Gecko) Chrome/74.0.3729.169 Safari/537.36',
  'content-type' => 'application/x-www-form-urlencoded; charset=UTF-8',
  'referer' => 'http://www.gohosts.com/user/login.html',
  'accept-encoding' => 'gzip, deflate',
  'accept-language' => 'zh-CN,zh;q=0.9',
  'cookie' => 'PHPSESSID=mph3qmv4r22g8v40j9elgmbp60',
)
[ info ] [ PARAM ] array (
  '/user/login_html' => '',
  'usermail' => '2268492954@qq.com',
  'password' => '2268492954',
)
[ info ] [ DB ] INIT mysql
[ info ] [ SESSION ] INIT array (
  'id' => '',
  'var_session_id' => '',
  'prefix' => 'think',
  'type' => '',
  'auto_start' => true,
)
[ info ] [ RUN ] app\index\controller\Login->index[ E:\studysoft\phpstudy\PHPTutorial\WWW\tp5\application\index\controller\Login.php ]
[ info ] [ CACHE ] INIT File
[ info ] [ LOG ] INIT File
---------------------------------------------------------------
[ 2019-06-19T16:55:20+08:00 ] 127.0.0.1 127.0.0.1 GET /
[ info ] www.gohosts.com/ [运行时间：0.150255s][吞吐率：6.66req/s] [内存消耗：2,906.76kb] [文件加载：60]
[ info ] [ LANG ] E:\studysoft\phpstudy\PHPTutorial\WWW\tp5\thinkphp\lang\zh-cn.php
[ info ] [ BIND ] 'index'
[ info ] [ ROUTE ] array (
  'type' => 'module',
  'module' => 
  array (
    0 => 'index',
    1 => NULL,
    2 => NULL,
  ),
)
[ info ] [ HEADER ] array (
  'host' => 'www.gohosts.com',
  'connection' => 'keep-alive',
  'upgrade-insecure-requests' => '1',
  'user-agent' => 'Mozilla/5.0 (Windows NT 10.0; Win64; x64) AppleWebKit/537.36 (KHTML, like Gecko) Chrome/74.0.3729.169 Safari/537.36',
  'accept' => 'text/html,application/xhtml+xml,application/xml;q=0.9,image/webp,image/apng,*/*;q=0.8,application/signed-exchange;v=b3',
  'referer' => 'http://www.gohosts.com/user/login.html',
  'accept-encoding' => 'gzip, deflate',
  'accept-language' => 'zh-CN,zh;q=0.9',
  'cookie' => 'PHPSESSID=mph3qmv4r22g8v40j9elgmbp60',
)
[ info ] [ PARAM ] array (
)
[ info ] [ DB ] INIT mysql
[ info ] [ SESSION ] INIT array (
  'id' => '',
  'var_session_id' => '',
  'prefix' => 'think',
  'type' => '',
  'auto_start' => true,
)
[ info ] [ RUN ] app\index\controller\Index->index[ E:\studysoft\phpstudy\PHPTutorial\WWW\tp5\application\index\controller\Index.php ]
[ info ] [ VIEW ] ./template/default/index_index.html [ array (
  0 => 'tptca',
  1 => 'tptcm',
  2 => 'tptcc',
  3 => 'tptm',
  4 => 'tptl',
  5 => 'tpte',
  6 => 'tptf',
  7 => 'tptb',
  8 => 'tagss',
  9 => 'tptop',
  10 => 'tptops',
  11 => 'tptuser',
  12 => 'tptc',
  13 => 'tptcs',
) ]
[ info ] [ LOG ] INIT File
---------------------------------------------------------------
[ 2019-06-19T16:55:20+08:00 ] 127.0.0.1 127.0.0.1 GET /uploads/20180224/e05b5a98dca16a9a84f576752dfb8bad.jpg
[ info ] www.gohosts.com/uploads/20180224/e05b5a98dca16a9a84f576752dfb8bad.jpg [运行时间：0.079548s][吞吐率：12.57req/s] [内存消耗：1,499.97kb] [文件加载：44]
[ info ] [ LANG ] E:\studysoft\phpstudy\PHPTutorial\WWW\tp5\thinkphp\lang\zh-cn.php
[ info ] [ BIND ] 'index'
[ info ] [ ROUTE ] array (
  'type' => 'module',
  'module' => 
  array (
    0 => 'index',
    1 => 'uploads',
    2 => '20180224',
  ),
)
[ info ] [ HEADER ] array (
  'host' => 'www.gohosts.com',
  'connection' => 'keep-alive',
  'user-agent' => 'Mozilla/5.0 (Windows NT 10.0; Win64; x64) AppleWebKit/537.36 (KHTML, like Gecko) Chrome/74.0.3729.169 Safari/537.36',
  'accept' => 'image/webp,image/apng,image/*,*/*;q=0.8',
  'referer' => 'http://www.gohosts.com/',
  'accept-encoding' => 'gzip, deflate',
  'accept-language' => 'zh-CN,zh;q=0.9',
  'cookie' => 'PHPSESSID=mph3qmv4r22g8v40j9elgmbp60',
)
[ info ] [ PARAM ] array (
  '/uploads/20180224/e05b5a98dca16a9a84f576752dfb8bad_jpg' => '',
)
[ info ] [ LOG ] INIT File
---------------------------------------------------------------
[ 2019-06-19T16:55:35+08:00 ] 127.0.0.1 127.0.0.1 GET /home/41.html
[ info ] www.gohosts.com/home/41.html [运行时间：0.127979s][吞吐率：7.81req/s] [内存消耗：2,956.44kb] [文件加载：59]
[ info ] [ LANG ] E:\studysoft\phpstudy\PHPTutorial\WWW\tp5\thinkphp\lang\zh-cn.php
[ info ] [ BIND ] 'index'
[ info ] [ ROUTE ] array (
  'type' => 'module',
  'module' => 
  array (
    0 => 'index',
    1 => 'user',
    2 => 'home',
  ),
  'convert' => false,
)
[ info ] [ HEADER ] array (
  'host' => 'www.gohosts.com',
  'connection' => 'keep-alive',
  'upgrade-insecure-requests' => '1',
  'user-agent' => 'Mozilla/5.0 (Windows NT 10.0; Win64; x64) AppleWebKit/537.36 (KHTML, like Gecko) Chrome/74.0.3729.169 Safari/537.36',
  'accept' => 'text/html,application/xhtml+xml,application/xml;q=0.9,image/webp,image/apng,*/*;q=0.8,application/signed-exchange;v=b3',
  'referer' => 'http://www.gohosts.com/',
  'accept-encoding' => 'gzip, deflate',
  'accept-language' => 'zh-CN,zh;q=0.9',
  'cookie' => 'PHPSESSID=mph3qmv4r22g8v40j9elgmbp60',
)
[ info ] [ PARAM ] array (
  '/home/41_html' => '',
  'id' => '41',
)
[ info ] [ DB ] INIT mysql
[ info ] [ SESSION ] INIT array (
  'id' => '',
  'var_session_id' => '',
  'prefix' => 'think',
  'type' => '',
  'auto_start' => true,
)
[ info ] [ RUN ] app\index\controller\User->home[ E:\studysoft\phpstudy\PHPTutorial\WWW\tp5\application\index\controller\User.php ]
[ info ] [ VIEW ] ./template/default/user_home.html [ array (
  0 => 'tptop',
  1 => 'tptops',
  2 => 'tptuser',
  3 => 'tptc',
  4 => 'tpte',
  5 => 'tptm',
) ]
[ info ] [ LOG ] INIT File
---------------------------------------------------------------
[ 2019-06-19T16:55:42+08:00 ] 127.0.0.1 127.0.0.1 GET /user/set.html
[ info ] www.gohosts.com/user/set.html [运行时间：0.167467s][吞吐率：5.97req/s] [内存消耗：3,110.09kb] [文件加载：61]
[ info ] [ LANG ] E:\studysoft\phpstudy\PHPTutorial\WWW\tp5\thinkphp\lang\zh-cn.php
[ info ] [ BIND ] 'index'
[ info ] [ ROUTE ] array (
  'type' => 'module',
  'module' => 
  array (
    0 => 'index',
    1 => 'user',
    2 => 'set',
  ),
  'convert' => false,
)
[ info ] [ HEADER ] array (
  'host' => 'www.gohosts.com',
  'connection' => 'keep-alive',
  'upgrade-insecure-requests' => '1',
  'user-agent' => 'Mozilla/5.0 (Windows NT 10.0; Win64; x64) AppleWebKit/537.36 (KHTML, like Gecko) Chrome/74.0.3729.169 Safari/537.36',
  'accept' => 'text/html,application/xhtml+xml,application/xml;q=0.9,image/webp,image/apng,*/*;q=0.8,application/signed-exchange;v=b3',
  'referer' => 'http://www.gohosts.com/home/41.html',
  'accept-encoding' => 'gzip, deflate',
  'accept-language' => 'zh-CN,zh;q=0.9',
  'cookie' => 'PHPSESSID=mph3qmv4r22g8v40j9elgmbp60',
)
[ info ] [ PARAM ] array (
  '/user/set_html' => '',
)
[ info ] [ DB ] INIT mysql
[ info ] [ SESSION ] INIT array (
  'id' => '',
  'var_session_id' => '',
  'prefix' => 'think',
  'type' => '',
  'auto_start' => true,
)
[ info ] [ RUN ] app\index\controller\User->set[ E:\studysoft\phpstudy\PHPTutorial\WWW\tp5\application\index\controller\User.php ]
[ info ] [ VIEW ] ./template/default/user_set.html [ array (
  0 => 'tptop',
  1 => 'tptops',
  2 => 'tptuser',
  3 => 'tptc',
) ]
[ info ] [ LOG ] INIT File
---------------------------------------------------------------
[ 2019-06-19T16:55:45+08:00 ] 127.0.0.1 127.0.0.1 GET /user/message.html
[ info ] www.gohosts.com/user/message.html [运行时间：0.156950s][吞吐率：6.37req/s] [内存消耗：3,206.60kb] [文件加载：64]
[ info ] [ LANG ] E:\studysoft\phpstudy\PHPTutorial\WWW\tp5\thinkphp\lang\zh-cn.php
[ info ] [ BIND ] 'index'
[ info ] [ ROUTE ] array (
  'type' => 'module',
  'module' => 
  array (
    0 => 'index',
    1 => 'user',
    2 => 'message',
  ),
  'convert' => false,
)
[ info ] [ HEADER ] array (
  'host' => 'www.gohosts.com',
  'connection' => 'keep-alive',
  'upgrade-insecure-requests' => '1',
  'user-agent' => 'Mozilla/5.0 (Windows NT 10.0; Win64; x64) AppleWebKit/537.36 (KHTML, like Gecko) Chrome/74.0.3729.169 Safari/537.36',
  'accept' => 'text/html,application/xhtml+xml,application/xml;q=0.9,image/webp,image/apng,*/*;q=0.8,application/signed-exchange;v=b3',
  'referer' => 'http://www.gohosts.com/user/set.html',
  'accept-encoding' => 'gzip, deflate',
  'accept-language' => 'zh-CN,zh;q=0.9',
  'cookie' => 'PHPSESSID=mph3qmv4r22g8v40j9elgmbp60',
)
[ info ] [ PARAM ] array (
  '/user/message_html' => '',
)
[ info ] [ DB ] INIT mysql
[ info ] [ SESSION ] INIT array (
  'id' => '',
  'var_session_id' => '',
  'prefix' => 'think',
  'type' => '',
  'auto_start' => true,
)
[ info ] [ RUN ] app\index\controller\User->message[ E:\studysoft\phpstudy\PHPTutorial\WWW\tp5\application\index\controller\User.php ]
[ info ] [ VIEW ] ./template/default/user_message.html [ array (
  0 => 'tptop',
  1 => 'tptops',
  2 => 'tptuser',
  3 => 'tptc',
) ]
[ info ] [ LOG ] INIT File
---------------------------------------------------------------
[ 2019-06-19T16:55:46+08:00 ] 127.0.0.1 127.0.0.1 GET /user/comment.html
[ info ] www.gohosts.com/user/comment.html [运行时间：0.127647s][吞吐率：7.83req/s] [内存消耗：3,202.71kb] [文件加载：64]
[ info ] [ LANG ] E:\studysoft\phpstudy\PHPTutorial\WWW\tp5\thinkphp\lang\zh-cn.php
[ info ] [ BIND ] 'index'
[ info ] [ ROUTE ] array (
  'type' => 'module',
  'module' => 
  array (
    0 => 'index',
    1 => 'user',
    2 => 'comment',
  ),
  'convert' => false,
)
[ info ] [ HEADER ] array (
  'host' => 'www.gohosts.com',
  'connection' => 'keep-alive',
  'upgrade-insecure-requests' => '1',
  'user-agent' => 'Mozilla/5.0 (Windows NT 10.0; Win64; x64) AppleWebKit/537.36 (KHTML, like Gecko) Chrome/74.0.3729.169 Safari/537.36',
  'accept' => 'text/html,application/xhtml+xml,application/xml;q=0.9,image/webp,image/apng,*/*;q=0.8,application/signed-exchange;v=b3',
  'referer' => 'http://www.gohosts.com/user/message.html',
  'accept-encoding' => 'gzip, deflate',
  'accept-language' => 'zh-CN,zh;q=0.9',
  'cookie' => 'PHPSESSID=mph3qmv4r22g8v40j9elgmbp60',
)
[ info ] [ PARAM ] array (
  '/user/comment_html' => '',
)
[ info ] [ DB ] INIT mysql
[ info ] [ SESSION ] INIT array (
  'id' => '',
  'var_session_id' => '',
  'prefix' => 'think',
  'type' => '',
  'auto_start' => true,
)
[ info ] [ RUN ] app\index\controller\User->comment[ E:\studysoft\phpstudy\PHPTutorial\WWW\tp5\application\index\controller\User.php ]
[ info ] [ VIEW ] ./template/default/user_comment.html [ array (
  0 => 'tptop',
  1 => 'tptops',
  2 => 'tptuser',
  3 => 'tptc',
) ]
[ info ] [ LOG ] INIT File
---------------------------------------------------------------
[ 2019-06-19T16:55:46+08:00 ] 127.0.0.1 127.0.0.1 GET /user/index.html
[ info ] www.gohosts.com/user/index.html [运行时间：0.130284s][吞吐率：7.68req/s] [内存消耗：3,203.23kb] [文件加载：64]
[ info ] [ LANG ] E:\studysoft\phpstudy\PHPTutorial\WWW\tp5\thinkphp\lang\zh-cn.php
[ info ] [ BIND ] 'index'
[ info ] [ ROUTE ] array (
  'type' => 'module',
  'module' => 
  array (
    0 => 'index',
    1 => 'user',
    2 => 'index',
  ),
  'convert' => false,
)
[ info ] [ HEADER ] array (
  'host' => 'www.gohosts.com',
  'connection' => 'keep-alive',
  'upgrade-insecure-requests' => '1',
  'user-agent' => 'Mozilla/5.0 (Windows NT 10.0; Win64; x64) AppleWebKit/537.36 (KHTML, like Gecko) Chrome/74.0.3729.169 Safari/537.36',
  'accept' => 'text/html,application/xhtml+xml,application/xml;q=0.9,image/webp,image/apng,*/*;q=0.8,application/signed-exchange;v=b3',
  'referer' => 'http://www.gohosts.com/user/comment.html',
  'accept-encoding' => 'gzip, deflate',
  'accept-language' => 'zh-CN,zh;q=0.9',
  'cookie' => 'PHPSESSID=mph3qmv4r22g8v40j9elgmbp60',
)
[ info ] [ PARAM ] array (
  '/user/index_html' => '',
)
[ info ] [ DB ] INIT mysql
[ info ] [ SESSION ] INIT array (
  'id' => '',
  'var_session_id' => '',
  'prefix' => 'think',
  'type' => '',
  'auto_start' => true,
)
[ info ] [ RUN ] app\index\controller\User->index[ E:\studysoft\phpstudy\PHPTutorial\WWW\tp5\application\index\controller\User.php ]
[ info ] [ VIEW ] ./template/default/user_index.html [ array (
  0 => 'tptop',
  1 => 'tptops',
  2 => 'tptuser',
  3 => 'tptc',
) ]
[ info ] [ LOG ] INIT File
---------------------------------------------------------------
[ 2019-06-19T16:55:47+08:00 ] 127.0.0.1 127.0.0.1 GET /home/41.html
[ info ] www.gohosts.com/home/41.html [运行时间：0.133533s][吞吐率：7.49req/s] [内存消耗：2,956.52kb] [文件加载：59]
[ info ] [ LANG ] E:\studysoft\phpstudy\PHPTutorial\WWW\tp5\thinkphp\lang\zh-cn.php
[ info ] [ BIND ] 'index'
[ info ] [ ROUTE ] array (
  'type' => 'module',
  'module' => 
  array (
    0 => 'index',
    1 => 'user',
    2 => 'home',
  ),
  'convert' => false,
)
[ info ] [ HEADER ] array (
  'host' => 'www.gohosts.com',
  'connection' => 'keep-alive',
  'upgrade-insecure-requests' => '1',
  'user-agent' => 'Mozilla/5.0 (Windows NT 10.0; Win64; x64) AppleWebKit/537.36 (KHTML, like Gecko) Chrome/74.0.3729.169 Safari/537.36',
  'accept' => 'text/html,application/xhtml+xml,application/xml;q=0.9,image/webp,image/apng,*/*;q=0.8,application/signed-exchange;v=b3',
  'referer' => 'http://www.gohosts.com/user/index.html',
  'accept-encoding' => 'gzip, deflate',
  'accept-language' => 'zh-CN,zh;q=0.9',
  'cookie' => 'PHPSESSID=mph3qmv4r22g8v40j9elgmbp60',
)
[ info ] [ PARAM ] array (
  '/home/41_html' => '',
  'id' => '41',
)
[ info ] [ DB ] INIT mysql
[ info ] [ SESSION ] INIT array (
  'id' => '',
  'var_session_id' => '',
  'prefix' => 'think',
  'type' => '',
  'auto_start' => true,
)
[ info ] [ RUN ] app\index\controller\User->home[ E:\studysoft\phpstudy\PHPTutorial\WWW\tp5\application\index\controller\User.php ]
[ info ] [ VIEW ] ./template/default/user_home.html [ array (
  0 => 'tptop',
  1 => 'tptops',
  2 => 'tptuser',
  3 => 'tptc',
  4 => 'tpte',
  5 => 'tptm',
) ]
[ info ] [ LOG ] INIT File
---------------------------------------------------------------
[ 2019-06-19T16:56:01+08:00 ] 127.0.0.1 127.0.0.1 GET /
[ info ] www.gohosts.com/ [运行时间：0.172458s][吞吐率：5.80req/s] [内存消耗：2,906.71kb] [文件加载：60]
[ info ] [ LANG ] E:\studysoft\phpstudy\PHPTutorial\WWW\tp5\thinkphp\lang\zh-cn.php
[ info ] [ BIND ] 'index'
[ info ] [ ROUTE ] array (
  'type' => 'module',
  'module' => 
  array (
    0 => 'index',
    1 => NULL,
    2 => NULL,
  ),
)
[ info ] [ HEADER ] array (
  'host' => 'www.gohosts.com',
  'connection' => 'keep-alive',
  'upgrade-insecure-requests' => '1',
  'user-agent' => 'Mozilla/5.0 (Windows NT 10.0; Win64; x64) AppleWebKit/537.36 (KHTML, like Gecko) Chrome/74.0.3729.169 Safari/537.36',
  'accept' => 'text/html,application/xhtml+xml,application/xml;q=0.9,image/webp,image/apng,*/*;q=0.8,application/signed-exchange;v=b3',
  'referer' => 'http://www.gohosts.com/home/41.html',
  'accept-encoding' => 'gzip, deflate',
  'accept-language' => 'zh-CN,zh;q=0.9',
  'cookie' => 'PHPSESSID=mph3qmv4r22g8v40j9elgmbp60',
)
[ info ] [ PARAM ] array (
)
[ info ] [ DB ] INIT mysql
[ info ] [ SESSION ] INIT array (
  'id' => '',
  'var_session_id' => '',
  'prefix' => 'think',
  'type' => '',
  'auto_start' => true,
)
[ info ] [ RUN ] app\index\controller\Index->index[ E:\studysoft\phpstudy\PHPTutorial\WWW\tp5\application\index\controller\Index.php ]
[ info ] [ VIEW ] ./template/default/index_index.html [ array (
  0 => 'tptca',
  1 => 'tptcm',
  2 => 'tptcc',
  3 => 'tptm',
  4 => 'tptl',
  5 => 'tpte',
  6 => 'tptf',
  7 => 'tptb',
  8 => 'tagss',
  9 => 'tptop',
  10 => 'tptops',
  11 => 'tptuser',
  12 => 'tptc',
  13 => 'tptcs',
) ]
[ info ] [ LOG ] INIT File
---------------------------------------------------------------
[ 2019-06-19T16:56:01+08:00 ] 127.0.0.1 127.0.0.1 GET /uploads/20180224/e05b5a98dca16a9a84f576752dfb8bad.jpg
[ info ] www.gohosts.com/uploads/20180224/e05b5a98dca16a9a84f576752dfb8bad.jpg [运行时间：0.067435s][吞吐率：14.83req/s] [内存消耗：1,499.97kb] [文件加载：44]
[ info ] [ LANG ] E:\studysoft\phpstudy\PHPTutorial\WWW\tp5\thinkphp\lang\zh-cn.php
[ info ] [ BIND ] 'index'
[ info ] [ ROUTE ] array (
  'type' => 'module',
  'module' => 
  array (
    0 => 'index',
    1 => 'uploads',
    2 => '20180224',
  ),
)
[ info ] [ HEADER ] array (
  'host' => 'www.gohosts.com',
  'connection' => 'keep-alive',
  'user-agent' => 'Mozilla/5.0 (Windows NT 10.0; Win64; x64) AppleWebKit/537.36 (KHTML, like Gecko) Chrome/74.0.3729.169 Safari/537.36',
  'accept' => 'image/webp,image/apng,image/*,*/*;q=0.8',
  'referer' => 'http://www.gohosts.com/',
  'accept-encoding' => 'gzip, deflate',
  'accept-language' => 'zh-CN,zh;q=0.9',
  'cookie' => 'PHPSESSID=mph3qmv4r22g8v40j9elgmbp60',
)
[ info ] [ PARAM ] array (
  '/uploads/20180224/e05b5a98dca16a9a84f576752dfb8bad_jpg' => '',
)
[ info ] [ LOG ] INIT File
---------------------------------------------------------------
[ 2019-06-19T17:22:03+08:00 ] 127.0.0.1 127.0.0.1 GET /
[ info ] www.gohosts.com/ [运行时间：0.196500s][吞吐率：5.09req/s] [内存消耗：2,906.39kb] [文件加载：60]
[ info ] [ LANG ] E:\studysoft\phpstudy\PHPTutorial\WWW\tp5\thinkphp\lang\zh-cn.php
[ info ] [ BIND ] 'index'
[ info ] [ ROUTE ] array (
  'type' => 'module',
  'module' => 
  array (
    0 => 'index',
    1 => NULL,
    2 => NULL,
  ),
)
[ info ] [ HEADER ] array (
  'host' => 'www.gohosts.com',
  'connection' => 'keep-alive',
  'upgrade-insecure-requests' => '1',
  'user-agent' => 'Mozilla/5.0 (Windows NT 10.0; Win64; x64) AppleWebKit/537.36 (KHTML, like Gecko) Chrome/74.0.3729.169 Safari/537.36',
  'accept' => 'text/html,application/xhtml+xml,application/xml;q=0.9,image/webp,image/apng,*/*;q=0.8,application/signed-exchange;v=b3',
  'accept-encoding' => 'gzip, deflate',
  'accept-language' => 'zh-CN,zh;q=0.9',
  'cookie' => 'PHPSESSID=mph3qmv4r22g8v40j9elgmbp60',
)
[ info ] [ PARAM ] array (
)
[ info ] [ DB ] INIT mysql
[ info ] [ SESSION ] INIT array (
  'id' => '',
  'var_session_id' => '',
  'prefix' => 'think',
  'type' => '',
  'auto_start' => true,
)
[ info ] [ RUN ] app\index\controller\Index->index[ E:\studysoft\phpstudy\PHPTutorial\WWW\tp5\application\index\controller\Index.php ]
[ info ] [ VIEW ] ./template/default/index_index.html [ array (
  0 => 'tptca',
  1 => 'tptcm',
  2 => 'tptcc',
  3 => 'tptm',
  4 => 'tptl',
  5 => 'tpte',
  6 => 'tptf',
  7 => 'tptb',
  8 => 'tagss',
  9 => 'tptop',
  10 => 'tptops',
  11 => 'tptuser',
  12 => 'tptc',
  13 => 'tptcs',
) ]
[ info ] [ LOG ] INIT File
---------------------------------------------------------------
[ 2019-06-19T17:22:03+08:00 ] 127.0.0.1 127.0.0.1 GET /uploads/20180224/e05b5a98dca16a9a84f576752dfb8bad.jpg
[ info ] www.gohosts.com/uploads/20180224/e05b5a98dca16a9a84f576752dfb8bad.jpg [运行时间：0.066210s][吞吐率：15.10req/s] [内存消耗：1,499.80kb] [文件加载：44]
[ info ] [ LANG ] E:\studysoft\phpstudy\PHPTutorial\WWW\tp5\thinkphp\lang\zh-cn.php
[ info ] [ BIND ] 'index'
[ info ] [ ROUTE ] array (
  'type' => 'module',
  'module' => 
  array (
    0 => 'index',
    1 => 'uploads',
    2 => '20180224',
  ),
)
[ info ] [ HEADER ] array (
  'host' => 'www.gohosts.com',
  'connection' => 'keep-alive',
  'user-agent' => 'Mozilla/5.0 (Windows NT 10.0; Win64; x64) AppleWebKit/537.36 (KHTML, like Gecko) Chrome/74.0.3729.169 Safari/537.36',
  'accept' => 'image/webp,image/apng,image/*,*/*;q=0.8',
  'referer' => 'http://www.gohosts.com/',
  'accept-encoding' => 'gzip, deflate',
  'accept-language' => 'zh-CN,zh;q=0.9',
  'cookie' => 'PHPSESSID=mph3qmv4r22g8v40j9elgmbp60',
)
[ info ] [ PARAM ] array (
  '/uploads/20180224/e05b5a98dca16a9a84f576752dfb8bad_jpg' => '',
)
[ info ] [ LOG ] INIT File
---------------------------------------------------------------
[ 2019-06-19T17:23:03+08:00 ] 127.0.0.1 127.0.0.1 GET /index.php
[ info ] www.gohosts.com/index.php [运行时间：0.238509s][吞吐率：4.19req/s] [内存消耗：2,935.58kb] [文件加载：64]
[ info ] [ LANG ] E:\studysoft\phpstudy\PHPTutorial\WWW\tp5\thinkphp\lang\zh-cn.php
[ info ] [ BIND ] 'index'
[ info ] [ ROUTE ] array (
  'type' => 'module',
  'module' => 
  array (
    0 => 'index',
    1 => NULL,
    2 => NULL,
  ),
)
[ info ] [ HEADER ] array (
  'host' => 'www.gohosts.com',
  'accept-encoding' => 'compress,gzip',
  'connection' => 'Close',
)
[ info ] [ PARAM ] array (
)
[ info ] [ DB ] INIT mysql
[ info ] [ SESSION ] INIT array (
  'id' => '',
  'var_session_id' => '',
  'prefix' => 'think',
  'type' => '',
  'auto_start' => true,
)
[ info ] [ RUN ] app\index\controller\Index->index[ E:\studysoft\phpstudy\PHPTutorial\WWW\tp5\application\index\controller\Index.php ]
[ info ] [ VIEW ] ./template/default/index_index.html [ array (
  0 => 'tptca',
  1 => 'tptcm',
  2 => 'tptcc',
  3 => 'tptm',
  4 => 'tptl',
  5 => 'tpte',
  6 => 'tptf',
  7 => 'tptb',
  8 => 'tagss',
  9 => 'tptop',
  10 => 'tptops',
  11 => 'tptuser',
  12 => 'tptc',
  13 => 'tptcs',
) ]
[ info ] [ LOG ] INIT File
[ error ] [1]Maximum execution time of 60 seconds exceeded[xTnF~Hh%iRW8ƃ2?v=ԇHbRߠHa.g]&NP|}rۍ{7?\'w7r{7N_t:y~:L7!bXltVcS.<otl(iSCk[2aJYCr2RZeX2K=FKD^bk4%[ǝ kMMC_o}iWG+]K%N<ʯVcy-uE3Csx_l5E9yѬ
Ξ)y]⥐p<CS4KT[|T8gVRE=Oa؛3ˈBIiw_:kװ7m)⽷C[H{G Q5؃)(Z
cF;8x2bnԈkNɡ`q6Y+GTd
KxYsಳG6R}KK"!p0mAbܫDԗ1x̆C<~أ81x.^x%-R49#ht;4XY1$XW(s3/|gX CnֻH0/ןh:W=wYb8[TȚݠ吋eW7~*>5O)Thm@/Јnk߫\Nb>YLGs+E[HF<ow7ݮ4L<`XE~{9@-x>j~/{|
8C~Í[1hҬRƞؐlsݡr5f8q/	:J~nyS4/{wҏ:5/AnA?Z()ߏlP~\x]kNnoQ(13) : eval()'d code(1) : eval()'d code:7]
---------------------------------------------------------------
[ 2019-06-19T17:23:23+08:00 ] 127.0.0.1 127.0.0.1 GET /thread/16.html
[ info ] www.gohosts.com/thread/16.html [运行时间：0.162370s][吞吐率：6.16req/s] [内存消耗：2,872.01kb] [文件加载：60]
[ info ] [ LANG ] E:\studysoft\phpstudy\PHPTutorial\WWW\tp5\thinkphp\lang\zh-cn.php
[ info ] [ BIND ] 'index'
[ info ] [ ROUTE ] array (
  'type' => 'module',
  'module' => 
  array (
    0 => 'index',
    1 => 'index',
    2 => 'thread',
  ),
  'convert' => false,
)
[ info ] [ HEADER ] array (
  'host' => 'www.gohosts.com',
  'connection' => 'keep-alive',
  'upgrade-insecure-requests' => '1',
  'user-agent' => 'Mozilla/5.0 (Windows NT 10.0; Win64; x64) AppleWebKit/537.36 (KHTML, like Gecko) Chrome/74.0.3729.169 Safari/537.36',
  'accept' => 'text/html,application/xhtml+xml,application/xml;q=0.9,image/webp,image/apng,*/*;q=0.8,application/signed-exchange;v=b3',
  'referer' => 'http://www.gohosts.com/',
  'accept-encoding' => 'gzip, deflate',
  'accept-language' => 'zh-CN,zh;q=0.9',
  'cookie' => 'PHPSESSID=mph3qmv4r22g8v40j9elgmbp60',
)
[ info ] [ PARAM ] array (
  '/thread/16_html' => '',
  'id' => '16',
)
[ info ] [ DB ] INIT mysql
[ info ] [ SESSION ] INIT array (
  'id' => '',
  'var_session_id' => '',
  'prefix' => 'think',
  'type' => '',
  'auto_start' => true,
)
[ info ] [ RUN ] app\index\controller\Index->thread[ E:\studysoft\phpstudy\PHPTutorial\WWW\tp5\application\index\controller\Index.php ]
[ info ] [ VIEW ] ./template/default/index_thread.html [ array (
  0 => 'tptca',
  1 => 'tptcm',
  2 => 'tptcc',
  3 => 'tptm',
  4 => 'tptl',
  5 => 'tpte',
  6 => 'tptf',
  7 => 'tptb',
  8 => 'tagss',
  9 => 'tptop',
  10 => 'tptops',
  11 => 'tptuser',
  12 => 'tptc',
  13 => 'tptt',
) ]
[ info ] [ LOG ] INIT File
---------------------------------------------------------------
[ 2019-06-19T17:23:23+08:00 ] 127.0.0.1 127.0.0.1 GET /uploads/20180224/e05b5a98dca16a9a84f576752dfb8bad.jpg
[ info ] www.gohosts.com/uploads/20180224/e05b5a98dca16a9a84f576752dfb8bad.jpg [运行时间：0.070144s][吞吐率：14.26req/s] [内存消耗：1,500.00kb] [文件加载：44]
[ info ] [ LANG ] E:\studysoft\phpstudy\PHPTutorial\WWW\tp5\thinkphp\lang\zh-cn.php
[ info ] [ BIND ] 'index'
[ info ] [ ROUTE ] array (
  'type' => 'module',
  'module' => 
  array (
    0 => 'index',
    1 => 'uploads',
    2 => '20180224',
  ),
)
[ info ] [ HEADER ] array (
  'host' => 'www.gohosts.com',
  'connection' => 'keep-alive',
  'user-agent' => 'Mozilla/5.0 (Windows NT 10.0; Win64; x64) AppleWebKit/537.36 (KHTML, like Gecko) Chrome/74.0.3729.169 Safari/537.36',
  'accept' => 'image/webp,image/apng,image/*,*/*;q=0.8',
  'referer' => 'http://www.gohosts.com/thread/16.html',
  'accept-encoding' => 'gzip, deflate',
  'accept-language' => 'zh-CN,zh;q=0.9',
  'cookie' => 'PHPSESSID=mph3qmv4r22g8v40j9elgmbp60',
)
[ info ] [ PARAM ] array (
  '/uploads/20180224/e05b5a98dca16a9a84f576752dfb8bad_jpg' => '',
)
[ info ] [ LOG ] INIT File
---------------------------------------------------------------
[ 2019-06-19T17:24:32+08:00 ] 127.0.0.1 127.0.0.1 GET /
[ info ] www.gohosts.com/ [运行时间：0.185841s][吞吐率：5.38req/s] [内存消耗：2,906.71kb] [文件加载：60]
[ info ] [ LANG ] E:\studysoft\phpstudy\PHPTutorial\WWW\tp5\thinkphp\lang\zh-cn.php
[ info ] [ BIND ] 'index'
[ info ] [ ROUTE ] array (
  'type' => 'module',
  'module' => 
  array (
    0 => 'index',
    1 => NULL,
    2 => NULL,
  ),
)
[ info ] [ HEADER ] array (
  'host' => 'www.gohosts.com',
  'connection' => 'keep-alive',
  'upgrade-insecure-requests' => '1',
  'user-agent' => 'Mozilla/5.0 (Windows NT 10.0; Win64; x64) AppleWebKit/537.36 (KHTML, like Gecko) Chrome/74.0.3729.169 Safari/537.36',
  'accept' => 'text/html,application/xhtml+xml,application/xml;q=0.9,image/webp,image/apng,*/*;q=0.8,application/signed-exchange;v=b3',
  'referer' => 'http://www.gohosts.com/thread/16.html',
  'accept-encoding' => 'gzip, deflate',
  'accept-language' => 'zh-CN,zh;q=0.9',
  'cookie' => 'PHPSESSID=mph3qmv4r22g8v40j9elgmbp60',
)
[ info ] [ PARAM ] array (
)
[ info ] [ DB ] INIT mysql
[ info ] [ SESSION ] INIT array (
  'id' => '',
  'var_session_id' => '',
  'prefix' => 'think',
  'type' => '',
  'auto_start' => true,
)
[ info ] [ RUN ] app\index\controller\Index->index[ E:\studysoft\phpstudy\PHPTutorial\WWW\tp5\application\index\controller\Index.php ]
[ info ] [ VIEW ] ./template/default/index_index.html [ array (
  0 => 'tptca',
  1 => 'tptcm',
  2 => 'tptcc',
  3 => 'tptm',
  4 => 'tptl',
  5 => 'tpte',
  6 => 'tptf',
  7 => 'tptb',
  8 => 'tagss',
  9 => 'tptop',
  10 => 'tptops',
  11 => 'tptuser',
  12 => 'tptc',
  13 => 'tptcs',
) ]
[ info ] [ LOG ] INIT File
---------------------------------------------------------------
[ 2019-06-19T17:24:32+08:00 ] 127.0.0.1 127.0.0.1 GET /uploads/20180224/e05b5a98dca16a9a84f576752dfb8bad.jpg
[ info ] www.gohosts.com/uploads/20180224/e05b5a98dca16a9a84f576752dfb8bad.jpg [运行时间：0.074593s][吞吐率：13.41req/s] [内存消耗：1,499.97kb] [文件加载：44]
[ info ] [ LANG ] E:\studysoft\phpstudy\PHPTutorial\WWW\tp5\thinkphp\lang\zh-cn.php
[ info ] [ BIND ] 'index'
[ info ] [ ROUTE ] array (
  'type' => 'module',
  'module' => 
  array (
    0 => 'index',
    1 => 'uploads',
    2 => '20180224',
  ),
)
[ info ] [ HEADER ] array (
  'host' => 'www.gohosts.com',
  'connection' => 'keep-alive',
  'user-agent' => 'Mozilla/5.0 (Windows NT 10.0; Win64; x64) AppleWebKit/537.36 (KHTML, like Gecko) Chrome/74.0.3729.169 Safari/537.36',
  'accept' => 'image/webp,image/apng,image/*,*/*;q=0.8',
  'referer' => 'http://www.gohosts.com/',
  'accept-encoding' => 'gzip, deflate',
  'accept-language' => 'zh-CN,zh;q=0.9',
  'cookie' => 'PHPSESSID=mph3qmv4r22g8v40j9elgmbp60',
)
[ info ] [ PARAM ] array (
  '/uploads/20180224/e05b5a98dca16a9a84f576752dfb8bad_jpg' => '',
)
[ info ] [ LOG ] INIT File
---------------------------------------------------------------
[ 2019-06-19T17:24:40+08:00 ] 127.0.0.1 127.0.0.1 GET /view/8.html
[ info ] www.gohosts.com/view/8.html [运行时间：0.160744s][吞吐率：6.22req/s] [内存消耗：2,895.94kb] [文件加载：60]
[ info ] [ LANG ] E:\studysoft\phpstudy\PHPTutorial\WWW\tp5\thinkphp\lang\zh-cn.php
[ info ] [ BIND ] 'index'
[ info ] [ ROUTE ] array (
  'type' => 'module',
  'module' => 
  array (
    0 => 'index',
    1 => 'index',
    2 => 'view',
  ),
  'convert' => false,
)
[ info ] [ HEADER ] array (
  'host' => 'www.gohosts.com',
  'connection' => 'keep-alive',
  'upgrade-insecure-requests' => '1',
  'user-agent' => 'Mozilla/5.0 (Windows NT 10.0; Win64; x64) AppleWebKit/537.36 (KHTML, like Gecko) Chrome/74.0.3729.169 Safari/537.36',
  'accept' => 'text/html,application/xhtml+xml,application/xml;q=0.9,image/webp,image/apng,*/*;q=0.8,application/signed-exchange;v=b3',
  'referer' => 'http://www.gohosts.com/',
  'accept-encoding' => 'gzip, deflate',
  'accept-language' => 'zh-CN,zh;q=0.9',
  'cookie' => 'PHPSESSID=mph3qmv4r22g8v40j9elgmbp60',
)
[ info ] [ PARAM ] array (
  '/view/8_html' => '',
  'id' => '8',
)
[ info ] [ DB ] INIT mysql
[ info ] [ SESSION ] INIT array (
  'id' => '',
  'var_session_id' => '',
  'prefix' => 'think',
  'type' => '',
  'auto_start' => true,
)
[ info ] [ RUN ] app\index\controller\Index->view[ E:\studysoft\phpstudy\PHPTutorial\WWW\tp5\application\index\controller\Index.php ]
[ info ] [ VIEW ] ./template/default/index_view.html [ array (
  0 => 'tptca',
  1 => 'tptcm',
  2 => 'tptcc',
  3 => 'tptm',
  4 => 'tptl',
  5 => 'tpte',
  6 => 'tptf',
  7 => 'tptb',
  8 => 'tagss',
  9 => 'tptop',
  10 => 'tptops',
  11 => 'tptuser',
  12 => 'tptc',
  13 => 'tpti',
) ]
[ info ] [ LOG ] INIT File
---------------------------------------------------------------
[ 2019-06-19T17:24:41+08:00 ] 127.0.0.1 127.0.0.1 GET /uploads/20180224/e05b5a98dca16a9a84f576752dfb8bad.jpg
[ info ] www.gohosts.com/uploads/20180224/e05b5a98dca16a9a84f576752dfb8bad.jpg [运行时间：0.080622s][吞吐率：12.40req/s] [内存消耗：1,499.94kb] [文件加载：44]
[ info ] [ LANG ] E:\studysoft\phpstudy\PHPTutorial\WWW\tp5\thinkphp\lang\zh-cn.php
[ info ] [ BIND ] 'index'
[ info ] [ ROUTE ] array (
  'type' => 'module',
  'module' => 
  array (
    0 => 'index',
    1 => 'uploads',
    2 => '20180224',
  ),
)
[ info ] [ HEADER ] array (
  'host' => 'www.gohosts.com',
  'connection' => 'keep-alive',
  'user-agent' => 'Mozilla/5.0 (Windows NT 10.0; Win64; x64) AppleWebKit/537.36 (KHTML, like Gecko) Chrome/74.0.3729.169 Safari/537.36',
  'accept' => 'image/webp,image/apng,image/*,*/*;q=0.8',
  'referer' => 'http://www.gohosts.com/view/8.html',
  'accept-encoding' => 'gzip, deflate',
  'accept-language' => 'zh-CN,zh;q=0.9',
  'cookie' => 'PHPSESSID=mph3qmv4r22g8v40j9elgmbp60',
)
[ info ] [ PARAM ] array (
  '/uploads/20180224/e05b5a98dca16a9a84f576752dfb8bad_jpg' => '',
)
[ info ] [ LOG ] INIT File
---------------------------------------------------------------
[ 2019-06-19T17:24:58+08:00 ] 127.0.0.1 127.0.0.1 GET /
[ info ] www.gohosts.com/ [运行时间：0.167426s][吞吐率：5.97req/s] [内存消耗：2,906.71kb] [文件加载：60]
[ info ] [ LANG ] E:\studysoft\phpstudy\PHPTutorial\WWW\tp5\thinkphp\lang\zh-cn.php
[ info ] [ BIND ] 'index'
[ info ] [ ROUTE ] array (
  'type' => 'module',
  'module' => 
  array (
    0 => 'index',
    1 => NULL,
    2 => NULL,
  ),
)
[ info ] [ HEADER ] array (
  'host' => 'www.gohosts.com',
  'connection' => 'keep-alive',
  'upgrade-insecure-requests' => '1',
  'user-agent' => 'Mozilla/5.0 (Windows NT 10.0; Win64; x64) AppleWebKit/537.36 (KHTML, like Gecko) Chrome/74.0.3729.169 Safari/537.36',
  'accept' => 'text/html,application/xhtml+xml,application/xml;q=0.9,image/webp,image/apng,*/*;q=0.8,application/signed-exchange;v=b3',
  'referer' => 'http://www.gohosts.com/view/8.html',
  'accept-encoding' => 'gzip, deflate',
  'accept-language' => 'zh-CN,zh;q=0.9',
  'cookie' => 'PHPSESSID=mph3qmv4r22g8v40j9elgmbp60',
)
[ info ] [ PARAM ] array (
)
[ info ] [ DB ] INIT mysql
[ info ] [ SESSION ] INIT array (
  'id' => '',
  'var_session_id' => '',
  'prefix' => 'think',
  'type' => '',
  'auto_start' => true,
)
[ info ] [ RUN ] app\index\controller\Index->index[ E:\studysoft\phpstudy\PHPTutorial\WWW\tp5\application\index\controller\Index.php ]
[ info ] [ VIEW ] ./template/default/index_index.html [ array (
  0 => 'tptca',
  1 => 'tptcm',
  2 => 'tptcc',
  3 => 'tptm',
  4 => 'tptl',
  5 => 'tpte',
  6 => 'tptf',
  7 => 'tptb',
  8 => 'tagss',
  9 => 'tptop',
  10 => 'tptops',
  11 => 'tptuser',
  12 => 'tptc',
  13 => 'tptcs',
) ]
[ info ] [ LOG ] INIT File
---------------------------------------------------------------
[ 2019-06-19T17:24:58+08:00 ] 127.0.0.1 127.0.0.1 GET /uploads/20180224/e05b5a98dca16a9a84f576752dfb8bad.jpg
[ info ] www.gohosts.com/uploads/20180224/e05b5a98dca16a9a84f576752dfb8bad.jpg [运行时间：0.076338s][吞吐率：13.10req/s] [内存消耗：1,499.97kb] [文件加载：44]
[ info ] [ LANG ] E:\studysoft\phpstudy\PHPTutorial\WWW\tp5\thinkphp\lang\zh-cn.php
[ info ] [ BIND ] 'index'
[ info ] [ ROUTE ] array (
  'type' => 'module',
  'module' => 
  array (
    0 => 'index',
    1 => 'uploads',
    2 => '20180224',
  ),
)
[ info ] [ HEADER ] array (
  'host' => 'www.gohosts.com',
  'connection' => 'keep-alive',
  'user-agent' => 'Mozilla/5.0 (Windows NT 10.0; Win64; x64) AppleWebKit/537.36 (KHTML, like Gecko) Chrome/74.0.3729.169 Safari/537.36',
  'accept' => 'image/webp,image/apng,image/*,*/*;q=0.8',
  'referer' => 'http://www.gohosts.com/',
  'accept-encoding' => 'gzip, deflate',
  'accept-language' => 'zh-CN,zh;q=0.9',
  'cookie' => 'PHPSESSID=mph3qmv4r22g8v40j9elgmbp60',
)
[ info ] [ PARAM ] array (
  '/uploads/20180224/e05b5a98dca16a9a84f576752dfb8bad_jpg' => '',
)
[ info ] [ LOG ] INIT File
---------------------------------------------------------------
[ 2019-06-19T17:25:23+08:00 ] 127.0.0.1 127.0.0.1 GET /thread/28.html
[ info ] www.gohosts.com/thread/28.html [运行时间：0.183845s][吞吐率：5.44req/s] [内存消耗：2,839.00kb] [文件加载：60]
[ info ] [ LANG ] E:\studysoft\phpstudy\PHPTutorial\WWW\tp5\thinkphp\lang\zh-cn.php
[ info ] [ BIND ] 'index'
[ info ] [ ROUTE ] array (
  'type' => 'module',
  'module' => 
  array (
    0 => 'index',
    1 => 'index',
    2 => 'thread',
  ),
  'convert' => false,
)
[ info ] [ HEADER ] array (
  'host' => 'www.gohosts.com',
  'connection' => 'keep-alive',
  'upgrade-insecure-requests' => '1',
  'user-agent' => 'Mozilla/5.0 (Windows NT 10.0; Win64; x64) AppleWebKit/537.36 (KHTML, like Gecko) Chrome/74.0.3729.169 Safari/537.36',
  'accept' => 'text/html,application/xhtml+xml,application/xml;q=0.9,image/webp,image/apng,*/*;q=0.8,application/signed-exchange;v=b3',
  'referer' => 'http://www.gohosts.com/',
  'accept-encoding' => 'gzip, deflate',
  'accept-language' => 'zh-CN,zh;q=0.9',
  'cookie' => 'PHPSESSID=mph3qmv4r22g8v40j9elgmbp60',
)
[ info ] [ PARAM ] array (
  '/thread/28_html' => '',
  'id' => '28',
)
[ info ] [ DB ] INIT mysql
[ info ] [ SESSION ] INIT array (
  'id' => '',
  'var_session_id' => '',
  'prefix' => 'think',
  'type' => '',
  'auto_start' => true,
)
[ info ] [ RUN ] app\index\controller\Index->thread[ E:\studysoft\phpstudy\PHPTutorial\WWW\tp5\application\index\controller\Index.php ]
[ info ] [ VIEW ] ./template/default/index_thread.html [ array (
  0 => 'tptca',
  1 => 'tptcm',
  2 => 'tptcc',
  3 => 'tptm',
  4 => 'tptl',
  5 => 'tpte',
  6 => 'tptf',
  7 => 'tptb',
  8 => 'tagss',
  9 => 'tptop',
  10 => 'tptops',
  11 => 'tptuser',
  12 => 'tptc',
  13 => 'tptt',
) ]
[ info ] [ LOG ] INIT File
