---------------------------------------------------------------
[ 2019-06-23T09:57:38+08:00 ] 127.0.0.1 127.0.0.1 GET /
[ info ] www.gohosts.com/ [运行时间：1.488400s][吞吐率：0.67req/s] [内存消耗：2,914.09kb] [文件加载：60]
[ info ] [ LANG ] E:\studysoft\phpstudy\PHPTutorial\WWW\tp5\thinkphp\lang\zh-cn.php
[ info ] [ BIND ] 'index'
[ info ] [ ROUTE ] array (
  'type' => 'module',
  'module' => 
  array (
    0 => 'index',
    1 => NULL,
    2 => NULL,
  ),
)
[ info ] [ HEADER ] array (
  'host' => 'www.gohosts.com',
  'connection' => 'keep-alive',
  'upgrade-insecure-requests' => '1',
  'user-agent' => 'Mozilla/5.0 (Windows NT 10.0; Win64; x64) AppleWebKit/537.36 (KHTML, like Gecko) Chrome/74.0.3729.169 Safari/537.36',
  'accept' => 'text/html,application/xhtml+xml,application/xml;q=0.9,image/webp,image/apng,*/*;q=0.8,application/signed-exchange;v=b3',
  'accept-encoding' => 'gzip, deflate',
  'accept-language' => 'zh-CN,zh;q=0.9',
)
[ info ] [ PARAM ] array (
)
[ info ] [ DB ] INIT mysql
[ info ] [ SESSION ] INIT array (
  'id' => '',
  'var_session_id' => '',
  'prefix' => 'think',
  'type' => '',
  'auto_start' => true,
)
[ info ] [ RUN ] app\index\controller\Index->index[ E:\studysoft\phpstudy\PHPTutorial\WWW\tp5\application\index\controller\Index.php ]
[ info ] [ VIEW ] ./template/default/index_index.html [ array (
  0 => 'tptca',
  1 => 'tptcm',
  2 => 'tptcc',
  3 => 'tptm',
  4 => 'tptl',
  5 => 'tpte',
  6 => 'tptf',
  7 => 'tptb',
  8 => 'tagss',
  9 => 'tptop',
  10 => 'tptops',
  11 => 'tptuser',
  12 => 'tptc',
  13 => 'tptcs',
) ]
[ info ] [ LOG ] INIT File
---------------------------------------------------------------
[ 2019-06-23T09:58:10+08:00 ] 127.0.0.1 127.0.0.1 GET /
[ info ] www.gohosts.com/ [运行时间：0.165142s][吞吐率：6.06req/s] [内存消耗：2,914.48kb] [文件加载：60]
[ info ] [ LANG ] E:\studysoft\phpstudy\PHPTutorial\WWW\tp5\thinkphp\lang\zh-cn.php
[ info ] [ BIND ] 'index'
[ info ] [ ROUTE ] array (
  'type' => 'module',
  'module' => 
  array (
    0 => 'index',
    1 => NULL,
    2 => NULL,
  ),
)
[ info ] [ HEADER ] array (
  'host' => 'www.gohosts.com',
  'connection' => 'keep-alive',
  'upgrade-insecure-requests' => '1',
  'user-agent' => 'Mozilla/5.0 (Windows NT 10.0; Win64; x64) AppleWebKit/537.36 (KHTML, like Gecko) Chrome/74.0.3729.169 Safari/537.36',
  'accept' => 'text/html,application/xhtml+xml,application/xml;q=0.9,image/webp,image/apng,*/*;q=0.8,application/signed-exchange;v=b3',
  'referer' => 'http://www.gohosts.com/',
  'accept-encoding' => 'gzip, deflate',
  'accept-language' => 'zh-CN,zh;q=0.9',
  'cookie' => 'PHPSESSID=0p3o7jq2meen7pkf5rnq15qit2',
)
[ info ] [ PARAM ] array (
)
[ info ] [ DB ] INIT mysql
[ info ] [ SESSION ] INIT array (
  'id' => '',
  'var_session_id' => '',
  'prefix' => 'think',
  'type' => '',
  'auto_start' => true,
)
[ info ] [ RUN ] app\index\controller\Index->index[ E:\studysoft\phpstudy\PHPTutorial\WWW\tp5\application\index\controller\Index.php ]
[ info ] [ VIEW ] ./template/default/index_index.html [ array (
  0 => 'tptca',
  1 => 'tptcm',
  2 => 'tptcc',
  3 => 'tptm',
  4 => 'tptl',
  5 => 'tpte',
  6 => 'tptf',
  7 => 'tptb',
  8 => 'tagss',
  9 => 'tptop',
  10 => 'tptops',
  11 => 'tptuser',
  12 => 'tptc',
  13 => 'tptcs',
) ]
[ info ] [ LOG ] INIT File
---------------------------------------------------------------
[ 2019-06-23T09:58:12+08:00 ] 127.0.0.1 127.0.0.1 GET /view/8.html
[ info ] www.gohosts.com/view/8.html [运行时间：0.266888s][吞吐率：3.75req/s] [内存消耗：3,050.02kb] [文件加载：62]
[ info ] [ LANG ] E:\studysoft\phpstudy\PHPTutorial\WWW\tp5\thinkphp\lang\zh-cn.php
[ info ] [ BIND ] 'index'
[ info ] [ ROUTE ] array (
  'type' => 'module',
  'module' => 
  array (
    0 => 'index',
    1 => 'index',
    2 => 'view',
  ),
  'convert' => false,
)
[ info ] [ HEADER ] array (
  'host' => 'www.gohosts.com',
  'connection' => 'keep-alive',
  'upgrade-insecure-requests' => '1',
  'user-agent' => 'Mozilla/5.0 (Windows NT 10.0; Win64; x64) AppleWebKit/537.36 (KHTML, like Gecko) Chrome/74.0.3729.169 Safari/537.36',
  'accept' => 'text/html,application/xhtml+xml,application/xml;q=0.9,image/webp,image/apng,*/*;q=0.8,application/signed-exchange;v=b3',
  'referer' => 'http://www.gohosts.com/',
  'accept-encoding' => 'gzip, deflate',
  'accept-language' => 'zh-CN,zh;q=0.9',
  'cookie' => 'PHPSESSID=0p3o7jq2meen7pkf5rnq15qit2',
)
[ info ] [ PARAM ] array (
  '/view/8_html' => '',
  'id' => '8',
)
[ info ] [ DB ] INIT mysql
[ info ] [ SESSION ] INIT array (
  'id' => '',
  'var_session_id' => '',
  'prefix' => 'think',
  'type' => '',
  'auto_start' => true,
)
[ info ] [ RUN ] app\index\controller\Index->view[ E:\studysoft\phpstudy\PHPTutorial\WWW\tp5\application\index\controller\Index.php ]
[ info ] [ VIEW ] ./template/default/index_view.html [ array (
  0 => 'tptca',
  1 => 'tptcm',
  2 => 'tptcc',
  3 => 'tptm',
  4 => 'tptl',
  5 => 'tpte',
  6 => 'tptf',
  7 => 'tptb',
  8 => 'tagss',
  9 => 'tptop',
  10 => 'tptops',
  11 => 'tptuser',
  12 => 'tptc',
  13 => 'tpti',
) ]
[ info ] [ LOG ] INIT File
---------------------------------------------------------------
[ 2019-06-23T09:58:14+08:00 ] 127.0.0.1 127.0.0.1 GET /view/9.html
[ info ] www.gohosts.com/view/9.html [运行时间：0.151487s][吞吐率：6.60req/s] [内存消耗：2,838.59kb] [文件加载：60]
[ info ] [ LANG ] E:\studysoft\phpstudy\PHPTutorial\WWW\tp5\thinkphp\lang\zh-cn.php
[ info ] [ BIND ] 'index'
[ info ] [ ROUTE ] array (
  'type' => 'module',
  'module' => 
  array (
    0 => 'index',
    1 => 'index',
    2 => 'view',
  ),
  'convert' => false,
)
[ info ] [ HEADER ] array (
  'host' => 'www.gohosts.com',
  'connection' => 'keep-alive',
  'upgrade-insecure-requests' => '1',
  'user-agent' => 'Mozilla/5.0 (Windows NT 10.0; Win64; x64) AppleWebKit/537.36 (KHTML, like Gecko) Chrome/74.0.3729.169 Safari/537.36',
  'accept' => 'text/html,application/xhtml+xml,application/xml;q=0.9,image/webp,image/apng,*/*;q=0.8,application/signed-exchange;v=b3',
  'referer' => 'http://www.gohosts.com/view/8.html',
  'accept-encoding' => 'gzip, deflate',
  'accept-language' => 'zh-CN,zh;q=0.9',
  'cookie' => 'PHPSESSID=0p3o7jq2meen7pkf5rnq15qit2',
)
[ info ] [ PARAM ] array (
  '/view/9_html' => '',
  'id' => '9',
)
[ info ] [ DB ] INIT mysql
[ info ] [ SESSION ] INIT array (
  'id' => '',
  'var_session_id' => '',
  'prefix' => 'think',
  'type' => '',
  'auto_start' => true,
)
[ info ] [ RUN ] app\index\controller\Index->view[ E:\studysoft\phpstudy\PHPTutorial\WWW\tp5\application\index\controller\Index.php ]
[ info ] [ VIEW ] ./template/default/index_view.html [ array (
  0 => 'tptca',
  1 => 'tptcm',
  2 => 'tptcc',
  3 => 'tptm',
  4 => 'tptl',
  5 => 'tpte',
  6 => 'tptf',
  7 => 'tptb',
  8 => 'tagss',
  9 => 'tptop',
  10 => 'tptops',
  11 => 'tptuser',
  12 => 'tptc',
  13 => 'tpti',
) ]
[ info ] [ LOG ] INIT File
---------------------------------------------------------------
[ 2019-06-23T09:58:15+08:00 ] 127.0.0.1 127.0.0.1 GET /view/11.html
[ info ] www.gohosts.com/view/11.html [运行时间：0.159272s][吞吐率：6.28req/s] [内存消耗：2,839.24kb] [文件加载：60]
[ info ] [ LANG ] E:\studysoft\phpstudy\PHPTutorial\WWW\tp5\thinkphp\lang\zh-cn.php
[ info ] [ BIND ] 'index'
[ info ] [ ROUTE ] array (
  'type' => 'module',
  'module' => 
  array (
    0 => 'index',
    1 => 'index',
    2 => 'view',
  ),
  'convert' => false,
)
[ info ] [ HEADER ] array (
  'host' => 'www.gohosts.com',
  'connection' => 'keep-alive',
  'upgrade-insecure-requests' => '1',
  'user-agent' => 'Mozilla/5.0 (Windows NT 10.0; Win64; x64) AppleWebKit/537.36 (KHTML, like Gecko) Chrome/74.0.3729.169 Safari/537.36',
  'accept' => 'text/html,application/xhtml+xml,application/xml;q=0.9,image/webp,image/apng,*/*;q=0.8,application/signed-exchange;v=b3',
  'referer' => 'http://www.gohosts.com/view/9.html',
  'accept-encoding' => 'gzip, deflate',
  'accept-language' => 'zh-CN,zh;q=0.9',
  'cookie' => 'PHPSESSID=0p3o7jq2meen7pkf5rnq15qit2',
)
[ info ] [ PARAM ] array (
  '/view/11_html' => '',
  'id' => '11',
)
[ info ] [ DB ] INIT mysql
[ info ] [ SESSION ] INIT array (
  'id' => '',
  'var_session_id' => '',
  'prefix' => 'think',
  'type' => '',
  'auto_start' => true,
)
[ info ] [ RUN ] app\index\controller\Index->view[ E:\studysoft\phpstudy\PHPTutorial\WWW\tp5\application\index\controller\Index.php ]
[ info ] [ VIEW ] ./template/default/index_view.html [ array (
  0 => 'tptca',
  1 => 'tptcm',
  2 => 'tptcc',
  3 => 'tptm',
  4 => 'tptl',
  5 => 'tpte',
  6 => 'tptf',
  7 => 'tptb',
  8 => 'tagss',
  9 => 'tptop',
  10 => 'tptops',
  11 => 'tptuser',
  12 => 'tptc',
  13 => 'tpti',
) ]
[ info ] [ LOG ] INIT File
---------------------------------------------------------------
[ 2019-06-23T09:58:18+08:00 ] 127.0.0.1 127.0.0.1 GET /view/15.html
[ info ] www.gohosts.com/view/15.html [运行时间：0.153569s][吞吐率：6.51req/s] [内存消耗：2,835.16kb] [文件加载：60]
[ info ] [ LANG ] E:\studysoft\phpstudy\PHPTutorial\WWW\tp5\thinkphp\lang\zh-cn.php
[ info ] [ BIND ] 'index'
[ info ] [ ROUTE ] array (
  'type' => 'module',
  'module' => 
  array (
    0 => 'index',
    1 => 'index',
    2 => 'view',
  ),
  'convert' => false,
)
[ info ] [ HEADER ] array (
  'host' => 'www.gohosts.com',
  'connection' => 'keep-alive',
  'upgrade-insecure-requests' => '1',
  'user-agent' => 'Mozilla/5.0 (Windows NT 10.0; Win64; x64) AppleWebKit/537.36 (KHTML, like Gecko) Chrome/74.0.3729.169 Safari/537.36',
  'accept' => 'text/html,application/xhtml+xml,application/xml;q=0.9,image/webp,image/apng,*/*;q=0.8,application/signed-exchange;v=b3',
  'referer' => 'http://www.gohosts.com/view/11.html',
  'accept-encoding' => 'gzip, deflate',
  'accept-language' => 'zh-CN,zh;q=0.9',
  'cookie' => 'PHPSESSID=0p3o7jq2meen7pkf5rnq15qit2',
)
[ info ] [ PARAM ] array (
  '/view/15_html' => '',
  'id' => '15',
)
[ info ] [ DB ] INIT mysql
[ info ] [ SESSION ] INIT array (
  'id' => '',
  'var_session_id' => '',
  'prefix' => 'think',
  'type' => '',
  'auto_start' => true,
)
[ info ] [ RUN ] app\index\controller\Index->view[ E:\studysoft\phpstudy\PHPTutorial\WWW\tp5\application\index\controller\Index.php ]
[ info ] [ VIEW ] ./template/default/index_view.html [ array (
  0 => 'tptca',
  1 => 'tptcm',
  2 => 'tptcc',
  3 => 'tptm',
  4 => 'tptl',
  5 => 'tpte',
  6 => 'tptf',
  7 => 'tptb',
  8 => 'tagss',
  9 => 'tptop',
  10 => 'tptops',
  11 => 'tptuser',
  12 => 'tptc',
  13 => 'tpti',
) ]
[ info ] [ LOG ] INIT File
---------------------------------------------------------------
[ 2019-06-23T09:58:21+08:00 ] 127.0.0.1 127.0.0.1 GET /thread/18.html
[ info ] www.gohosts.com/thread/18.html [运行时间：0.246711s][吞吐率：4.05req/s] [内存消耗：3,002.45kb] [文件加载：62]
[ info ] [ LANG ] E:\studysoft\phpstudy\PHPTutorial\WWW\tp5\thinkphp\lang\zh-cn.php
[ info ] [ BIND ] 'index'
[ info ] [ ROUTE ] array (
  'type' => 'module',
  'module' => 
  array (
    0 => 'index',
    1 => 'index',
    2 => 'thread',
  ),
  'convert' => false,
)
[ info ] [ HEADER ] array (
  'host' => 'www.gohosts.com',
  'connection' => 'keep-alive',
  'upgrade-insecure-requests' => '1',
  'user-agent' => 'Mozilla/5.0 (Windows NT 10.0; Win64; x64) AppleWebKit/537.36 (KHTML, like Gecko) Chrome/74.0.3729.169 Safari/537.36',
  'accept' => 'text/html,application/xhtml+xml,application/xml;q=0.9,image/webp,image/apng,*/*;q=0.8,application/signed-exchange;v=b3',
  'referer' => 'http://www.gohosts.com/view/15.html',
  'accept-encoding' => 'gzip, deflate',
  'accept-language' => 'zh-CN,zh;q=0.9',
  'cookie' => 'PHPSESSID=0p3o7jq2meen7pkf5rnq15qit2',
)
[ info ] [ PARAM ] array (
  '/thread/18_html' => '',
  'id' => '18',
)
[ info ] [ DB ] INIT mysql
[ info ] [ SESSION ] INIT array (
  'id' => '',
  'var_session_id' => '',
  'prefix' => 'think',
  'type' => '',
  'auto_start' => true,
)
[ info ] [ RUN ] app\index\controller\Index->thread[ E:\studysoft\phpstudy\PHPTutorial\WWW\tp5\application\index\controller\Index.php ]
[ info ] [ VIEW ] ./template/default/index_thread.html [ array (
  0 => 'tptca',
  1 => 'tptcm',
  2 => 'tptcc',
  3 => 'tptm',
  4 => 'tptl',
  5 => 'tpte',
  6 => 'tptf',
  7 => 'tptb',
  8 => 'tagss',
  9 => 'tptop',
  10 => 'tptops',
  11 => 'tptuser',
  12 => 'tptc',
  13 => 'tptt',
) ]
[ info ] [ LOG ] INIT File
---------------------------------------------------------------
[ 2019-06-23T09:58:34+08:00 ] 127.0.0.1 127.0.0.1 GET /
[ info ] www.gohosts.com/ [运行时间：0.175831s][吞吐率：5.69req/s] [内存消耗：2,914.58kb] [文件加载：60]
[ info ] [ LANG ] E:\studysoft\phpstudy\PHPTutorial\WWW\tp5\thinkphp\lang\zh-cn.php
[ info ] [ BIND ] 'index'
[ info ] [ ROUTE ] array (
  'type' => 'module',
  'module' => 
  array (
    0 => 'index',
    1 => NULL,
    2 => NULL,
  ),
)
[ info ] [ HEADER ] array (
  'host' => 'www.gohosts.com',
  'connection' => 'keep-alive',
  'upgrade-insecure-requests' => '1',
  'user-agent' => 'Mozilla/5.0 (Windows NT 10.0; Win64; x64) AppleWebKit/537.36 (KHTML, like Gecko) Chrome/74.0.3729.169 Safari/537.36',
  'accept' => 'text/html,application/xhtml+xml,application/xml;q=0.9,image/webp,image/apng,*/*;q=0.8,application/signed-exchange;v=b3',
  'referer' => 'http://www.gohosts.com/thread/18.html',
  'accept-encoding' => 'gzip, deflate',
  'accept-language' => 'zh-CN,zh;q=0.9',
  'cookie' => 'PHPSESSID=0p3o7jq2meen7pkf5rnq15qit2',
)
[ info ] [ PARAM ] array (
)
[ info ] [ DB ] INIT mysql
[ info ] [ SESSION ] INIT array (
  'id' => '',
  'var_session_id' => '',
  'prefix' => 'think',
  'type' => '',
  'auto_start' => true,
)
[ info ] [ RUN ] app\index\controller\Index->index[ E:\studysoft\phpstudy\PHPTutorial\WWW\tp5\application\index\controller\Index.php ]
[ info ] [ VIEW ] ./template/default/index_index.html [ array (
  0 => 'tptca',
  1 => 'tptcm',
  2 => 'tptcc',
  3 => 'tptm',
  4 => 'tptl',
  5 => 'tpte',
  6 => 'tptf',
  7 => 'tptb',
  8 => 'tagss',
  9 => 'tptop',
  10 => 'tptops',
  11 => 'tptuser',
  12 => 'tptc',
  13 => 'tptcs',
) ]
[ info ] [ LOG ] INIT File
---------------------------------------------------------------
[ 2019-06-23T09:58:36+08:00 ] 127.0.0.1 127.0.0.1 GET /user/login.html
[ info ] www.gohosts.com/user/login.html [运行时间：0.112925s][吞吐率：8.86req/s] [内存消耗：2,760.30kb] [文件加载：59]
[ info ] [ LANG ] E:\studysoft\phpstudy\PHPTutorial\WWW\tp5\thinkphp\lang\zh-cn.php
[ info ] [ BIND ] 'index'
[ info ] [ ROUTE ] array (
  'type' => 'module',
  'module' => 
  array (
    0 => 'index',
    1 => 'login',
    2 => 'index',
  ),
  'convert' => false,
)
[ info ] [ HEADER ] array (
  'host' => 'www.gohosts.com',
  'connection' => 'keep-alive',
  'upgrade-insecure-requests' => '1',
  'user-agent' => 'Mozilla/5.0 (Windows NT 10.0; Win64; x64) AppleWebKit/537.36 (KHTML, like Gecko) Chrome/74.0.3729.169 Safari/537.36',
  'accept' => 'text/html,application/xhtml+xml,application/xml;q=0.9,image/webp,image/apng,*/*;q=0.8,application/signed-exchange;v=b3',
  'referer' => 'http://www.gohosts.com/',
  'accept-encoding' => 'gzip, deflate',
  'accept-language' => 'zh-CN,zh;q=0.9',
  'cookie' => 'PHPSESSID=0p3o7jq2meen7pkf5rnq15qit2',
)
[ info ] [ PARAM ] array (
  '/user/login_html' => '',
)
[ info ] [ DB ] INIT mysql
[ info ] [ SESSION ] INIT array (
  'id' => '',
  'var_session_id' => '',
  'prefix' => 'think',
  'type' => '',
  'auto_start' => true,
)
[ info ] [ RUN ] app\index\controller\Login->index[ E:\studysoft\phpstudy\PHPTutorial\WWW\tp5\application\index\controller\Login.php ]
[ info ] [ VIEW ] ./template/default/login_index.html [ array (
  0 => 'tptop',
  1 => 'tptops',
  2 => 'tptuser',
) ]
[ info ] [ LOG ] INIT File
---------------------------------------------------------------
[ 2019-06-23T09:58:45+08:00 ] 127.0.0.1 127.0.0.1 POST /user/login.html
[ info ] www.gohosts.com/user/login.html [运行时间：0.191387s][吞吐率：5.23req/s] [内存消耗：2,618.70kb] [文件加载：58]
[ info ] [ LANG ] E:\studysoft\phpstudy\PHPTutorial\WWW\tp5\thinkphp\lang\zh-cn.php
[ info ] [ BIND ] 'index'
[ info ] [ ROUTE ] array (
  'type' => 'module',
  'module' => 
  array (
    0 => 'index',
    1 => 'login',
    2 => 'index',
  ),
  'convert' => false,
)
[ info ] [ HEADER ] array (
  'host' => 'www.gohosts.com',
  'connection' => 'keep-alive',
  'content-length' => '48',
  'accept' => '*/*',
  'origin' => 'http://www.gohosts.com',
  'x-requested-with' => 'XMLHttpRequest',
  'user-agent' => 'Mozilla/5.0 (Windows NT 10.0; Win64; x64) AppleWebKit/537.36 (KHTML, like Gecko) Chrome/74.0.3729.169 Safari/537.36',
  'content-type' => 'application/x-www-form-urlencoded; charset=UTF-8',
  'referer' => 'http://www.gohosts.com/user/login.html',
  'accept-encoding' => 'gzip, deflate',
  'accept-language' => 'zh-CN,zh;q=0.9',
  'cookie' => 'PHPSESSID=0p3o7jq2meen7pkf5rnq15qit2',
)
[ info ] [ PARAM ] array (
  '/user/login_html' => '',
  'usermail' => '2268492954@qq.com',
  'password' => '2268492954',
)
[ info ] [ DB ] INIT mysql
[ info ] [ SESSION ] INIT array (
  'id' => '',
  'var_session_id' => '',
  'prefix' => 'think',
  'type' => '',
  'auto_start' => true,
)
[ info ] [ RUN ] app\index\controller\Login->index[ E:\studysoft\phpstudy\PHPTutorial\WWW\tp5\application\index\controller\Login.php ]
[ info ] [ CACHE ] INIT File
[ info ] [ LOG ] INIT File
---------------------------------------------------------------
[ 2019-06-23T09:58:46+08:00 ] 127.0.0.1 127.0.0.1 GET /
[ info ] www.gohosts.com/ [运行时间：0.149526s][吞吐率：6.69req/s] [内存消耗：2,917.34kb] [文件加载：60]
[ info ] [ LANG ] E:\studysoft\phpstudy\PHPTutorial\WWW\tp5\thinkphp\lang\zh-cn.php
[ info ] [ BIND ] 'index'
[ info ] [ ROUTE ] array (
  'type' => 'module',
  'module' => 
  array (
    0 => 'index',
    1 => NULL,
    2 => NULL,
  ),
)
[ info ] [ HEADER ] array (
  'host' => 'www.gohosts.com',
  'connection' => 'keep-alive',
  'upgrade-insecure-requests' => '1',
  'user-agent' => 'Mozilla/5.0 (Windows NT 10.0; Win64; x64) AppleWebKit/537.36 (KHTML, like Gecko) Chrome/74.0.3729.169 Safari/537.36',
  'accept' => 'text/html,application/xhtml+xml,application/xml;q=0.9,image/webp,image/apng,*/*;q=0.8,application/signed-exchange;v=b3',
  'referer' => 'http://www.gohosts.com/user/login.html',
  'accept-encoding' => 'gzip, deflate',
  'accept-language' => 'zh-CN,zh;q=0.9',
  'cookie' => 'PHPSESSID=0p3o7jq2meen7pkf5rnq15qit2',
)
[ info ] [ PARAM ] array (
)
[ info ] [ DB ] INIT mysql
[ info ] [ SESSION ] INIT array (
  'id' => '',
  'var_session_id' => '',
  'prefix' => 'think',
  'type' => '',
  'auto_start' => true,
)
[ info ] [ RUN ] app\index\controller\Index->index[ E:\studysoft\phpstudy\PHPTutorial\WWW\tp5\application\index\controller\Index.php ]
[ info ] [ VIEW ] ./template/default/index_index.html [ array (
  0 => 'tptca',
  1 => 'tptcm',
  2 => 'tptcc',
  3 => 'tptm',
  4 => 'tptl',
  5 => 'tpte',
  6 => 'tptf',
  7 => 'tptb',
  8 => 'tagss',
  9 => 'tptop',
  10 => 'tptops',
  11 => 'tptuser',
  12 => 'tptc',
  13 => 'tptcs',
) ]
[ info ] [ LOG ] INIT File
---------------------------------------------------------------
[ 2019-06-23T09:58:50+08:00 ] 127.0.0.1 127.0.0.1 GET /home/41.html
[ info ] www.gohosts.com/home/41.html [运行时间：0.206430s][吞吐率：4.84req/s] [内存消耗：3,105.36kb] [文件加载：61]
[ info ] [ LANG ] E:\studysoft\phpstudy\PHPTutorial\WWW\tp5\thinkphp\lang\zh-cn.php
[ info ] [ BIND ] 'index'
[ info ] [ ROUTE ] array (
  'type' => 'module',
  'module' => 
  array (
    0 => 'index',
    1 => 'user',
    2 => 'home',
  ),
  'convert' => false,
)
[ info ] [ HEADER ] array (
  'host' => 'www.gohosts.com',
  'connection' => 'keep-alive',
  'upgrade-insecure-requests' => '1',
  'user-agent' => 'Mozilla/5.0 (Windows NT 10.0; Win64; x64) AppleWebKit/537.36 (KHTML, like Gecko) Chrome/74.0.3729.169 Safari/537.36',
  'accept' => 'text/html,application/xhtml+xml,application/xml;q=0.9,image/webp,image/apng,*/*;q=0.8,application/signed-exchange;v=b3',
  'referer' => 'http://www.gohosts.com/',
  'accept-encoding' => 'gzip, deflate',
  'accept-language' => 'zh-CN,zh;q=0.9',
  'cookie' => 'PHPSESSID=0p3o7jq2meen7pkf5rnq15qit2',
)
[ info ] [ PARAM ] array (
  '/home/41_html' => '',
  'id' => '41',
)
[ info ] [ DB ] INIT mysql
[ info ] [ SESSION ] INIT array (
  'id' => '',
  'var_session_id' => '',
  'prefix' => 'think',
  'type' => '',
  'auto_start' => true,
)
[ info ] [ RUN ] app\index\controller\User->home[ E:\studysoft\phpstudy\PHPTutorial\WWW\tp5\application\index\controller\User.php ]
[ info ] [ VIEW ] ./template/default/user_home.html [ array (
  0 => 'tptop',
  1 => 'tptops',
  2 => 'tptuser',
  3 => 'tptc',
  4 => 'tpte',
  5 => 'tptm',
) ]
[ info ] [ LOG ] INIT File
---------------------------------------------------------------
[ 2019-06-23T09:58:55+08:00 ] 127.0.0.1 127.0.0.1 GET /
[ info ] www.gohosts.com/ [运行时间：0.144273s][吞吐率：6.93req/s] [内存消耗：2,917.34kb] [文件加载：60]
[ info ] [ LANG ] E:\studysoft\phpstudy\PHPTutorial\WWW\tp5\thinkphp\lang\zh-cn.php
[ info ] [ BIND ] 'index'
[ info ] [ ROUTE ] array (
  'type' => 'module',
  'module' => 
  array (
    0 => 'index',
    1 => NULL,
    2 => NULL,
  ),
)
[ info ] [ HEADER ] array (
  'host' => 'www.gohosts.com',
  'connection' => 'keep-alive',
  'upgrade-insecure-requests' => '1',
  'user-agent' => 'Mozilla/5.0 (Windows NT 10.0; Win64; x64) AppleWebKit/537.36 (KHTML, like Gecko) Chrome/74.0.3729.169 Safari/537.36',
  'accept' => 'text/html,application/xhtml+xml,application/xml;q=0.9,image/webp,image/apng,*/*;q=0.8,application/signed-exchange;v=b3',
  'referer' => 'http://www.gohosts.com/home/41.html',
  'accept-encoding' => 'gzip, deflate',
  'accept-language' => 'zh-CN,zh;q=0.9',
  'cookie' => 'PHPSESSID=0p3o7jq2meen7pkf5rnq15qit2',
)
[ info ] [ PARAM ] array (
)
[ info ] [ DB ] INIT mysql
[ info ] [ SESSION ] INIT array (
  'id' => '',
  'var_session_id' => '',
  'prefix' => 'think',
  'type' => '',
  'auto_start' => true,
)
[ info ] [ RUN ] app\index\controller\Index->index[ E:\studysoft\phpstudy\PHPTutorial\WWW\tp5\application\index\controller\Index.php ]
[ info ] [ VIEW ] ./template/default/index_index.html [ array (
  0 => 'tptca',
  1 => 'tptcm',
  2 => 'tptcc',
  3 => 'tptm',
  4 => 'tptl',
  5 => 'tpte',
  6 => 'tptf',
  7 => 'tptb',
  8 => 'tagss',
  9 => 'tptop',
  10 => 'tptops',
  11 => 'tptuser',
  12 => 'tptc',
  13 => 'tptcs',
) ]
[ info ] [ LOG ] INIT File
---------------------------------------------------------------
[ 2019-06-23T09:59:05+08:00 ] 127.0.0.1 127.0.0.1 GET /view/15.html
[ info ] www.gohosts.com/view/15.html [运行时间：0.175303s][吞吐率：5.70req/s] [内存消耗：2,837.89kb] [文件加载：60]
[ info ] [ LANG ] E:\studysoft\phpstudy\PHPTutorial\WWW\tp5\thinkphp\lang\zh-cn.php
[ info ] [ BIND ] 'index'
[ info ] [ ROUTE ] array (
  'type' => 'module',
  'module' => 
  array (
    0 => 'index',
    1 => 'index',
    2 => 'view',
  ),
  'convert' => false,
)
[ info ] [ HEADER ] array (
  'host' => 'www.gohosts.com',
  'connection' => 'keep-alive',
  'upgrade-insecure-requests' => '1',
  'user-agent' => 'Mozilla/5.0 (Windows NT 10.0; Win64; x64) AppleWebKit/537.36 (KHTML, like Gecko) Chrome/74.0.3729.169 Safari/537.36',
  'accept' => 'text/html,application/xhtml+xml,application/xml;q=0.9,image/webp,image/apng,*/*;q=0.8,application/signed-exchange;v=b3',
  'referer' => 'http://www.gohosts.com/',
  'accept-encoding' => 'gzip, deflate',
  'accept-language' => 'zh-CN,zh;q=0.9',
  'cookie' => 'PHPSESSID=0p3o7jq2meen7pkf5rnq15qit2',
)
[ info ] [ PARAM ] array (
  '/view/15_html' => '',
  'id' => '15',
)
[ info ] [ DB ] INIT mysql
[ info ] [ SESSION ] INIT array (
  'id' => '',
  'var_session_id' => '',
  'prefix' => 'think',
  'type' => '',
  'auto_start' => true,
)
[ info ] [ RUN ] app\index\controller\Index->view[ E:\studysoft\phpstudy\PHPTutorial\WWW\tp5\application\index\controller\Index.php ]
[ info ] [ VIEW ] ./template/default/index_view.html [ array (
  0 => 'tptca',
  1 => 'tptcm',
  2 => 'tptcc',
  3 => 'tptm',
  4 => 'tptl',
  5 => 'tpte',
  6 => 'tptf',
  7 => 'tptb',
  8 => 'tagss',
  9 => 'tptop',
  10 => 'tptops',
  11 => 'tptuser',
  12 => 'tptc',
  13 => 'tpti',
) ]
[ info ] [ LOG ] INIT File
---------------------------------------------------------------
[ 2019-06-23T09:59:06+08:00 ] 127.0.0.1 127.0.0.1 GET /thread/18.html
[ info ] www.gohosts.com/thread/18.html [运行时间：0.141735s][吞吐率：7.06req/s] [内存消耗：2,840.02kb] [文件加载：60]
[ info ] [ LANG ] E:\studysoft\phpstudy\PHPTutorial\WWW\tp5\thinkphp\lang\zh-cn.php
[ info ] [ BIND ] 'index'
[ info ] [ ROUTE ] array (
  'type' => 'module',
  'module' => 
  array (
    0 => 'index',
    1 => 'index',
    2 => 'thread',
  ),
  'convert' => false,
)
[ info ] [ HEADER ] array (
  'host' => 'www.gohosts.com',
  'connection' => 'keep-alive',
  'upgrade-insecure-requests' => '1',
  'user-agent' => 'Mozilla/5.0 (Windows NT 10.0; Win64; x64) AppleWebKit/537.36 (KHTML, like Gecko) Chrome/74.0.3729.169 Safari/537.36',
  'accept' => 'text/html,application/xhtml+xml,application/xml;q=0.9,image/webp,image/apng,*/*;q=0.8,application/signed-exchange;v=b3',
  'referer' => 'http://www.gohosts.com/view/15.html',
  'accept-encoding' => 'gzip, deflate',
  'accept-language' => 'zh-CN,zh;q=0.9',
  'cookie' => 'PHPSESSID=0p3o7jq2meen7pkf5rnq15qit2',
)
[ info ] [ PARAM ] array (
  '/thread/18_html' => '',
  'id' => '18',
)
[ info ] [ DB ] INIT mysql
[ info ] [ SESSION ] INIT array (
  'id' => '',
  'var_session_id' => '',
  'prefix' => 'think',
  'type' => '',
  'auto_start' => true,
)
[ info ] [ RUN ] app\index\controller\Index->thread[ E:\studysoft\phpstudy\PHPTutorial\WWW\tp5\application\index\controller\Index.php ]
[ info ] [ VIEW ] ./template/default/index_thread.html [ array (
  0 => 'tptca',
  1 => 'tptcm',
  2 => 'tptcc',
  3 => 'tptm',
  4 => 'tptl',
  5 => 'tpte',
  6 => 'tptf',
  7 => 'tptb',
  8 => 'tagss',
  9 => 'tptop',
  10 => 'tptops',
  11 => 'tptuser',
  12 => 'tptc',
  13 => 'tptt',
) ]
[ info ] [ LOG ] INIT File
---------------------------------------------------------------
[ 2019-06-23T09:59:09+08:00 ] 127.0.0.1 127.0.0.1 GET /home/1.html
[ info ] www.gohosts.com/home/1.html [运行时间：0.184384s][吞吐率：5.42req/s] [内存消耗：3,019.00kb] [文件加载：59]
[ info ] [ LANG ] E:\studysoft\phpstudy\PHPTutorial\WWW\tp5\thinkphp\lang\zh-cn.php
[ info ] [ BIND ] 'index'
[ info ] [ ROUTE ] array (
  'type' => 'module',
  'module' => 
  array (
    0 => 'index',
    1 => 'user',
    2 => 'home',
  ),
  'convert' => false,
)
[ info ] [ HEADER ] array (
  'host' => 'www.gohosts.com',
  'connection' => 'keep-alive',
  'upgrade-insecure-requests' => '1',
  'user-agent' => 'Mozilla/5.0 (Windows NT 10.0; Win64; x64) AppleWebKit/537.36 (KHTML, like Gecko) Chrome/74.0.3729.169 Safari/537.36',
  'accept' => 'text/html,application/xhtml+xml,application/xml;q=0.9,image/webp,image/apng,*/*;q=0.8,application/signed-exchange;v=b3',
  'referer' => 'http://www.gohosts.com/thread/18.html',
  'accept-encoding' => 'gzip, deflate',
  'accept-language' => 'zh-CN,zh;q=0.9',
  'cookie' => 'PHPSESSID=0p3o7jq2meen7pkf5rnq15qit2',
)
[ info ] [ PARAM ] array (
  '/home/1_html' => '',
  'id' => '1',
)
[ info ] [ DB ] INIT mysql
[ info ] [ SESSION ] INIT array (
  'id' => '',
  'var_session_id' => '',
  'prefix' => 'think',
  'type' => '',
  'auto_start' => true,
)
[ info ] [ RUN ] app\index\controller\User->home[ E:\studysoft\phpstudy\PHPTutorial\WWW\tp5\application\index\controller\User.php ]
[ info ] [ VIEW ] ./template/default/user_home.html [ array (
  0 => 'tptop',
  1 => 'tptops',
  2 => 'tptuser',
  3 => 'tptc',
  4 => 'tpte',
  5 => 'tptm',
) ]
[ info ] [ LOG ] INIT File
---------------------------------------------------------------
[ 2019-06-23T09:59:18+08:00 ] 127.0.0.1 127.0.0.1 GET /thread/22.html
[ info ] www.gohosts.com/thread/22.html [运行时间：0.146928s][吞吐率：6.81req/s] [内存消耗：2,839.48kb] [文件加载：60]
[ info ] [ LANG ] E:\studysoft\phpstudy\PHPTutorial\WWW\tp5\thinkphp\lang\zh-cn.php
[ info ] [ BIND ] 'index'
[ info ] [ ROUTE ] array (
  'type' => 'module',
  'module' => 
  array (
    0 => 'index',
    1 => 'index',
    2 => 'thread',
  ),
  'convert' => false,
)
[ info ] [ HEADER ] array (
  'host' => 'www.gohosts.com',
  'connection' => 'keep-alive',
  'upgrade-insecure-requests' => '1',
  'user-agent' => 'Mozilla/5.0 (Windows NT 10.0; Win64; x64) AppleWebKit/537.36 (KHTML, like Gecko) Chrome/74.0.3729.169 Safari/537.36',
  'accept' => 'text/html,application/xhtml+xml,application/xml;q=0.9,image/webp,image/apng,*/*;q=0.8,application/signed-exchange;v=b3',
  'referer' => 'http://www.gohosts.com/home/1.html',
  'accept-encoding' => 'gzip, deflate',
  'accept-language' => 'zh-CN,zh;q=0.9',
  'cookie' => 'PHPSESSID=0p3o7jq2meen7pkf5rnq15qit2',
)
[ info ] [ PARAM ] array (
  '/thread/22_html' => '',
  'id' => '22',
)
[ info ] [ DB ] INIT mysql
[ info ] [ SESSION ] INIT array (
  'id' => '',
  'var_session_id' => '',
  'prefix' => 'think',
  'type' => '',
  'auto_start' => true,
)
[ info ] [ RUN ] app\index\controller\Index->thread[ E:\studysoft\phpstudy\PHPTutorial\WWW\tp5\application\index\controller\Index.php ]
[ info ] [ VIEW ] ./template/default/index_thread.html [ array (
  0 => 'tptca',
  1 => 'tptcm',
  2 => 'tptcc',
  3 => 'tptm',
  4 => 'tptl',
  5 => 'tpte',
  6 => 'tptf',
  7 => 'tptb',
  8 => 'tagss',
  9 => 'tptop',
  10 => 'tptops',
  11 => 'tptuser',
  12 => 'tptc',
  13 => 'tptt',
) ]
[ info ] [ LOG ] INIT File
